<?xml version="1.0" encoding="UTF-8"?>
<testsuite name="cliente.repositories.ClienteRepositoryImplTest" tests="10" skipped="0" failures="0" errors="0" timestamp="2024-09-20T10:48:31" hostname="JAVIER" time="0.14">
  <properties/>
  <testcase name="updateNotFound()" classname="cliente.repositories.ClienteRepositoryImplTest" time="0.015"/>
  <testcase name="getByIdNotFound()" classname="cliente.repositories.ClienteRepositoryImplTest" time="0.005"/>
  <testcase name="create()" classname="cliente.repositories.ClienteRepositoryImplTest" time="0.009"/>
  <testcase name="delete()" classname="cliente.repositories.ClienteRepositoryImplTest" time="0.009"/>
  <testcase name="getAll()" classname="cliente.repositories.ClienteRepositoryImplTest" time="0.016"/>
  <testcase name="getByNameNotFound()" classname="cliente.repositories.ClienteRepositoryImplTest" time="0.044"/>
  <testcase name="update()" classname="cliente.repositories.ClienteRepositoryImplTest" time="0.009"/>
  <testcase name="deleteNotFound()" classname="cliente.repositories.ClienteRepositoryImplTest" time="0.007"/>
  <testcase name="getById()" classname="cliente.repositories.ClienteRepositoryImplTest" time="0.009"/>
  <testcase name="getByName()" classname="cliente.repositories.ClienteRepositoryImplTest" time="0.007"/>
  <system-out><![CDATA[12:48:31.587 [Test worker] DEBUG org.example.cliente.repositories.ClienteRepositoryImplKt -- Creating client: Cliente(id=10815af8-4ec7-4bc4-8300-8b1be6fb442a, nombre=test1, Dni=70919049K, cuentaBancaria=CuentaBancaria(iban=ES91 2100 0418 4502 0005 1332, saldo=10.0), tarjetaCredito=TarjetaCredito(numero=1234567890123456, fechaVencimiento=12/25), updated_at=2024-09-20T12:48:31.582618700, created_at=2024-09-20T12:48:31.582618700)
12:48:31.587 [Test worker] INFO org.example.cliente.repositories.ClienteRepositoryImplKt -- Cliente creado: Cliente(id=10815af8-4ec7-4bc4-8300-8b1be6fb442a, nombre=test1, Dni=70919049K, cuentaBancaria=CuentaBancaria(iban=ES91 2100 0418 4502 0005 1332, saldo=10.0), tarjetaCredito=TarjetaCredito(numero=1234567890123456, fechaVencimiento=12/25), updated_at=2024-09-20T12:48:31.582618700, created_at=2024-09-20T12:48:31.582618700)
12:48:31.589 [Test worker] DEBUG org.example.cliente.repositories.ClienteRepositoryImplKt -- Creating client: Cliente(id=1009777d-3155-44ca-a565-c8ede2ed2396, nombre=test2, Dni=70919049K, cuentaBancaria=CuentaBancaria(iban=ES91 2100 0418 4502 0005 1332, saldo=10.0), tarjetaCredito=TarjetaCredito(numero=1234567890123456, fechaVencimiento=12/25), updated_at=2024-09-20T12:48:31.582618700, created_at=2024-09-20T12:48:31.582618700)
12:48:31.589 [Test worker] INFO org.example.cliente.repositories.ClienteRepositoryImplKt -- Cliente creado: Cliente(id=1009777d-3155-44ca-a565-c8ede2ed2396, nombre=test2, Dni=70919049K, cuentaBancaria=CuentaBancaria(iban=ES91 2100 0418 4502 0005 1332, saldo=10.0), tarjetaCredito=TarjetaCredito(numero=1234567890123456, fechaVencimiento=12/25), updated_at=2024-09-20T12:48:31.582618700, created_at=2024-09-20T12:48:31.582618700)
12:48:31.590 [Test worker] DEBUG org.example.cliente.repositories.ClienteRepositoryImplKt -- Updating client with id: 63591beb-d620-4dcf-a719-3a2c4ed88f03
12:48:31.591 [Test worker] DEBUG org.example.cliente.repositories.ClienteRepositoryImplKt -- Getting client by id: 63591beb-d620-4dcf-a719-3a2c4ed88f03
12:48:31.591 [Test worker] WARN org.example.cliente.repositories.ClienteRepositoryImplKt -- Persona con ID: 63591beb-d620-4dcf-a719-3a2c4ed88f03 no encontrada
12:48:31.599 [Test worker] DEBUG org.example.cliente.repositories.ClienteRepositoryImplKt -- Creating client: Cliente(id=10815af8-4ec7-4bc4-8300-8b1be6fb442a, nombre=test1, Dni=70919049K, cuentaBancaria=CuentaBancaria(iban=ES91 2100 0418 4502 0005 1332, saldo=10.0), tarjetaCredito=TarjetaCredito(numero=1234567890123456, fechaVencimiento=12/25), updated_at=2024-09-20T12:48:31.599464900, created_at=2024-09-20T12:48:31.599464900)
12:48:31.599 [Test worker] INFO org.example.cliente.repositories.ClienteRepositoryImplKt -- Cliente creado: Cliente(id=10815af8-4ec7-4bc4-8300-8b1be6fb442a, nombre=test1, Dni=70919049K, cuentaBancaria=CuentaBancaria(iban=ES91 2100 0418 4502 0005 1332, saldo=10.0), tarjetaCredito=TarjetaCredito(numero=1234567890123456, fechaVencimiento=12/25), updated_at=2024-09-20T12:48:31.599464900, created_at=2024-09-20T12:48:31.599464900)
12:48:31.599 [Test worker] DEBUG org.example.cliente.repositories.ClienteRepositoryImplKt -- Creating client: Cliente(id=1009777d-3155-44ca-a565-c8ede2ed2396, nombre=test2, Dni=70919049K, cuentaBancaria=CuentaBancaria(iban=ES91 2100 0418 4502 0005 1332, saldo=10.0), tarjetaCredito=TarjetaCredito(numero=1234567890123456, fechaVencimiento=12/25), updated_at=2024-09-20T12:48:31.599464900, created_at=2024-09-20T12:48:31.599464900)
12:48:31.600 [Test worker] INFO org.example.cliente.repositories.ClienteRepositoryImplKt -- Cliente creado: Cliente(id=1009777d-3155-44ca-a565-c8ede2ed2396, nombre=test2, Dni=70919049K, cuentaBancaria=CuentaBancaria(iban=ES91 2100 0418 4502 0005 1332, saldo=10.0), tarjetaCredito=TarjetaCredito(numero=1234567890123456, fechaVencimiento=12/25), updated_at=2024-09-20T12:48:31.599464900, created_at=2024-09-20T12:48:31.599464900)
12:48:31.600 [Test worker] DEBUG org.example.cliente.repositories.ClienteRepositoryImplKt -- Getting client by id: 10815af8-4ec7-4bc4-8300-8b1be6fb442b
12:48:31.601 [Test worker] WARN org.example.cliente.repositories.ClienteRepositoryImplKt -- Persona con ID: 10815af8-4ec7-4bc4-8300-8b1be6fb442b no encontrada
12:48:31.604 [Test worker] DEBUG org.example.cliente.repositories.ClienteRepositoryImplKt -- Creating client: Cliente(id=10815af8-4ec7-4bc4-8300-8b1be6fb442a, nombre=test1, Dni=70919049K, cuentaBancaria=CuentaBancaria(iban=ES91 2100 0418 4502 0005 1332, saldo=10.0), tarjetaCredito=TarjetaCredito(numero=1234567890123456, fechaVencimiento=12/25), updated_at=2024-09-20T12:48:31.604180400, created_at=2024-09-20T12:48:31.604180400)
12:48:31.605 [Test worker] INFO org.example.cliente.repositories.ClienteRepositoryImplKt -- Cliente creado: Cliente(id=10815af8-4ec7-4bc4-8300-8b1be6fb442a, nombre=test1, Dni=70919049K, cuentaBancaria=CuentaBancaria(iban=ES91 2100 0418 4502 0005 1332, saldo=10.0), tarjetaCredito=TarjetaCredito(numero=1234567890123456, fechaVencimiento=12/25), updated_at=2024-09-20T12:48:31.604180400, created_at=2024-09-20T12:48:31.604180400)
12:48:31.605 [Test worker] DEBUG org.example.cliente.repositories.ClienteRepositoryImplKt -- Creating client: Cliente(id=1009777d-3155-44ca-a565-c8ede2ed2396, nombre=test2, Dni=70919049K, cuentaBancaria=CuentaBancaria(iban=ES91 2100 0418 4502 0005 1332, saldo=10.0), tarjetaCredito=TarjetaCredito(numero=1234567890123456, fechaVencimiento=12/25), updated_at=2024-09-20T12:48:31.604180400, created_at=2024-09-20T12:48:31.604180400)
12:48:31.605 [Test worker] INFO org.example.cliente.repositories.ClienteRepositoryImplKt -- Cliente creado: Cliente(id=1009777d-3155-44ca-a565-c8ede2ed2396, nombre=test2, Dni=70919049K, cuentaBancaria=CuentaBancaria(iban=ES91 2100 0418 4502 0005 1332, saldo=10.0), tarjetaCredito=TarjetaCredito(numero=1234567890123456, fechaVencimiento=12/25), updated_at=2024-09-20T12:48:31.604180400, created_at=2024-09-20T12:48:31.604180400)
12:48:31.608 [Test worker] DEBUG org.example.cliente.repositories.ClienteRepositoryImplKt -- Creating client: Cliente(id=2c436661-c368-493b-852c-27e388931420, nombre=test3, Dni=70919049K, cuentaBancaria=CuentaBancaria(iban=ES91 2100 0418 4502 0005 1332, saldo=10.0), tarjetaCredito=TarjetaCredito(numero=1234567890123456, fechaVencimiento=12/25), updated_at=2024-09-20T12:48:31.608848800, created_at=2024-09-20T12:48:31.608848800)
12:48:31.608 [Test worker] INFO org.example.cliente.repositories.ClienteRepositoryImplKt -- Cliente creado: Cliente(id=2c436661-c368-493b-852c-27e388931420, nombre=test3, Dni=70919049K, cuentaBancaria=CuentaBancaria(iban=ES91 2100 0418 4502 0005 1332, saldo=10.0), tarjetaCredito=TarjetaCredito(numero=1234567890123456, fechaVencimiento=12/25), updated_at=2024-09-20T12:48:31.608848800, created_at=2024-09-20T12:48:31.608848800)
12:48:31.614 [Test worker] DEBUG org.example.cliente.repositories.ClienteRepositoryImplKt -- Creating client: Cliente(id=10815af8-4ec7-4bc4-8300-8b1be6fb442a, nombre=test1, Dni=70919049K, cuentaBancaria=CuentaBancaria(iban=ES91 2100 0418 4502 0005 1332, saldo=10.0), tarjetaCredito=TarjetaCredito(numero=1234567890123456, fechaVencimiento=12/25), updated_at=2024-09-20T12:48:31.613914500, created_at=2024-09-20T12:48:31.613914500)
12:48:31.615 [Test worker] INFO org.example.cliente.repositories.ClienteRepositoryImplKt -- Cliente creado: Cliente(id=10815af8-4ec7-4bc4-8300-8b1be6fb442a, nombre=test1, Dni=70919049K, cuentaBancaria=CuentaBancaria(iban=ES91 2100 0418 4502 0005 1332, saldo=10.0), tarjetaCredito=TarjetaCredito(numero=1234567890123456, fechaVencimiento=12/25), updated_at=2024-09-20T12:48:31.613914500, created_at=2024-09-20T12:48:31.613914500)
12:48:31.615 [Test worker] DEBUG org.example.cliente.repositories.ClienteRepositoryImplKt -- Creating client: Cliente(id=1009777d-3155-44ca-a565-c8ede2ed2396, nombre=test2, Dni=70919049K, cuentaBancaria=CuentaBancaria(iban=ES91 2100 0418 4502 0005 1332, saldo=10.0), tarjetaCredito=TarjetaCredito(numero=1234567890123456, fechaVencimiento=12/25), updated_at=2024-09-20T12:48:31.613914500, created_at=2024-09-20T12:48:31.613914500)
12:48:31.616 [Test worker] INFO org.example.cliente.repositories.ClienteRepositoryImplKt -- Cliente creado: Cliente(id=1009777d-3155-44ca-a565-c8ede2ed2396, nombre=test2, Dni=70919049K, cuentaBancaria=CuentaBancaria(iban=ES91 2100 0418 4502 0005 1332, saldo=10.0), tarjetaCredito=TarjetaCredito(numero=1234567890123456, fechaVencimiento=12/25), updated_at=2024-09-20T12:48:31.613914500, created_at=2024-09-20T12:48:31.613914500)
12:48:31.616 [Test worker] DEBUG org.example.cliente.repositories.ClienteRepositoryImplKt -- Deleting client with id: 10815af8-4ec7-4bc4-8300-8b1be6fb442a
12:48:31.617 [Test worker] INFO org.example.cliente.repositories.ClienteRepositoryImplKt -- Cliente eliminado: Cliente(id=10815af8-4ec7-4bc4-8300-8b1be6fb442a, nombre=test1, Dni=70919049K, cuentaBancaria=CuentaBancaria(iban=ES91 2100 0418 4502 0005 1332, saldo=10.0), tarjetaCredito=TarjetaCredito(numero=1234567890123456, fechaVencimiento=12/25), updated_at=2024-09-20T12:48:31.615420800, created_at=2024-09-20T12:48:31.615420800)
12:48:31.625 [Test worker] DEBUG org.example.cliente.repositories.ClienteRepositoryImplKt -- Creating client: Cliente(id=10815af8-4ec7-4bc4-8300-8b1be6fb442a, nombre=test1, Dni=70919049K, cuentaBancaria=CuentaBancaria(iban=ES91 2100 0418 4502 0005 1332, saldo=10.0), tarjetaCredito=TarjetaCredito(numero=1234567890123456, fechaVencimiento=12/25), updated_at=2024-09-20T12:48:31.625387700, created_at=2024-09-20T12:48:31.625387700)
12:48:31.626 [Test worker] INFO org.example.cliente.repositories.ClienteRepositoryImplKt -- Cliente creado: Cliente(id=10815af8-4ec7-4bc4-8300-8b1be6fb442a, nombre=test1, Dni=70919049K, cuentaBancaria=CuentaBancaria(iban=ES91 2100 0418 4502 0005 1332, saldo=10.0), tarjetaCredito=TarjetaCredito(numero=1234567890123456, fechaVencimiento=12/25), updated_at=2024-09-20T12:48:31.625387700, created_at=2024-09-20T12:48:31.625387700)
12:48:31.626 [Test worker] DEBUG org.example.cliente.repositories.ClienteRepositoryImplKt -- Creating client: Cliente(id=1009777d-3155-44ca-a565-c8ede2ed2396, nombre=test2, Dni=70919049K, cuentaBancaria=CuentaBancaria(iban=ES91 2100 0418 4502 0005 1332, saldo=10.0), tarjetaCredito=TarjetaCredito(numero=1234567890123456, fechaVencimiento=12/25), updated_at=2024-09-20T12:48:31.625387700, created_at=2024-09-20T12:48:31.625387700)
12:48:31.627 [Test worker] INFO org.example.cliente.repositories.ClienteRepositoryImplKt -- Cliente creado: Cliente(id=1009777d-3155-44ca-a565-c8ede2ed2396, nombre=test2, Dni=70919049K, cuentaBancaria=CuentaBancaria(iban=ES91 2100 0418 4502 0005 1332, saldo=10.0), tarjetaCredito=TarjetaCredito(numero=1234567890123456, fechaVencimiento=12/25), updated_at=2024-09-20T12:48:31.625387700, created_at=2024-09-20T12:48:31.625387700)
12:48:31.627 [Test worker] DEBUG org.example.cliente.repositories.ClienteRepositoryImplKt -- Getting all clients
12:48:31.642 [Test worker] DEBUG org.example.cliente.repositories.ClienteRepositoryImplKt -- Creating client: Cliente(id=10815af8-4ec7-4bc4-8300-8b1be6fb442a, nombre=test1, Dni=70919049K, cuentaBancaria=CuentaBancaria(iban=ES91 2100 0418 4502 0005 1332, saldo=10.0), tarjetaCredito=TarjetaCredito(numero=1234567890123456, fechaVencimiento=12/25), updated_at=2024-09-20T12:48:31.642447100, created_at=2024-09-20T12:48:31.642447100)
12:48:31.642 [Test worker] INFO org.example.cliente.repositories.ClienteRepositoryImplKt -- Cliente creado: Cliente(id=10815af8-4ec7-4bc4-8300-8b1be6fb442a, nombre=test1, Dni=70919049K, cuentaBancaria=CuentaBancaria(iban=ES91 2100 0418 4502 0005 1332, saldo=10.0), tarjetaCredito=TarjetaCredito(numero=1234567890123456, fechaVencimiento=12/25), updated_at=2024-09-20T12:48:31.642447100, created_at=2024-09-20T12:48:31.642447100)
12:48:31.643 [Test worker] DEBUG org.example.cliente.repositories.ClienteRepositoryImplKt -- Creating client: Cliente(id=1009777d-3155-44ca-a565-c8ede2ed2396, nombre=test2, Dni=70919049K, cuentaBancaria=CuentaBancaria(iban=ES91 2100 0418 4502 0005 1332, saldo=10.0), tarjetaCredito=TarjetaCredito(numero=1234567890123456, fechaVencimiento=12/25), updated_at=2024-09-20T12:48:31.642447100, created_at=2024-09-20T12:48:31.642447100)
12:48:31.643 [Test worker] INFO org.example.cliente.repositories.ClienteRepositoryImplKt -- Cliente creado: Cliente(id=1009777d-3155-44ca-a565-c8ede2ed2396, nombre=test2, Dni=70919049K, cuentaBancaria=CuentaBancaria(iban=ES91 2100 0418 4502 0005 1332, saldo=10.0), tarjetaCredito=TarjetaCredito(numero=1234567890123456, fechaVencimiento=12/25), updated_at=2024-09-20T12:48:31.642447100, created_at=2024-09-20T12:48:31.642447100)
12:48:31.644 [Test worker] DEBUG org.example.cliente.repositories.ClienteRepositoryImplKt -- Getting client by name: test3
12:48:31.683 [Test worker] INFO org.example.cliente.repositories.ClienteRepositoryImplKt -- Total de coincidencias: 0
12:48:31.687 [Test worker] DEBUG org.example.cliente.repositories.ClienteRepositoryImplKt -- Creating client: Cliente(id=10815af8-4ec7-4bc4-8300-8b1be6fb442a, nombre=test1, Dni=70919049K, cuentaBancaria=CuentaBancaria(iban=ES91 2100 0418 4502 0005 1332, saldo=10.0), tarjetaCredito=TarjetaCredito(numero=1234567890123456, fechaVencimiento=12/25), updated_at=2024-09-20T12:48:31.687046500, created_at=2024-09-20T12:48:31.687046500)
12:48:31.687 [Test worker] INFO org.example.cliente.repositories.ClienteRepositoryImplKt -- Cliente creado: Cliente(id=10815af8-4ec7-4bc4-8300-8b1be6fb442a, nombre=test1, Dni=70919049K, cuentaBancaria=CuentaBancaria(iban=ES91 2100 0418 4502 0005 1332, saldo=10.0), tarjetaCredito=TarjetaCredito(numero=1234567890123456, fechaVencimiento=12/25), updated_at=2024-09-20T12:48:31.687046500, created_at=2024-09-20T12:48:31.687046500)
12:48:31.687 [Test worker] DEBUG org.example.cliente.repositories.ClienteRepositoryImplKt -- Creating client: Cliente(id=1009777d-3155-44ca-a565-c8ede2ed2396, nombre=test2, Dni=70919049K, cuentaBancaria=CuentaBancaria(iban=ES91 2100 0418 4502 0005 1332, saldo=10.0), tarjetaCredito=TarjetaCredito(numero=1234567890123456, fechaVencimiento=12/25), updated_at=2024-09-20T12:48:31.687046500, created_at=2024-09-20T12:48:31.687046500)
12:48:31.688 [Test worker] INFO org.example.cliente.repositories.ClienteRepositoryImplKt -- Cliente creado: Cliente(id=1009777d-3155-44ca-a565-c8ede2ed2396, nombre=test2, Dni=70919049K, cuentaBancaria=CuentaBancaria(iban=ES91 2100 0418 4502 0005 1332, saldo=10.0), tarjetaCredito=TarjetaCredito(numero=1234567890123456, fechaVencimiento=12/25), updated_at=2024-09-20T12:48:31.687046500, created_at=2024-09-20T12:48:31.687046500)
12:48:31.689 [Test worker] DEBUG org.example.cliente.repositories.ClienteRepositoryImplKt -- Updating client with id: 10815af8-4ec7-4bc4-8300-8b1be6fb442a
12:48:31.689 [Test worker] DEBUG org.example.cliente.repositories.ClienteRepositoryImplKt -- Getting client by id: 10815af8-4ec7-4bc4-8300-8b1be6fb442a
12:48:31.690 [Test worker] INFO org.example.cliente.repositories.ClienteRepositoryImplKt -- Persona encontrada: Cliente(id=10815af8-4ec7-4bc4-8300-8b1be6fb442a, nombre=test1, Dni=70919049K, cuentaBancaria=CuentaBancaria(iban=ES91 2100 0418 4502 0005 1332, saldo=10.0), tarjetaCredito=TarjetaCredito(numero=1234567890123456, fechaVencimiento=12/25), updated_at=2024-09-20T12:48:31.687046500, created_at=2024-09-20T12:48:31.687046500)
12:48:31.690 [Test worker] INFO org.example.cliente.repositories.ClienteRepositoryImplKt -- Cliente actualizado: Cliente(id=10815af8-4ec7-4bc4-8300-8b1be6fb442a, nombre=test1, Dni=70919049K, cuentaBancaria=CuentaBancaria(iban=ES91 2100 0418 4502 0005 1332, saldo=10.0), tarjetaCredito=TarjetaCredito(numero=1234567890123456, fechaVencimiento=12/25), updated_at=2024-09-20T12:48:31.687046500, created_at=2024-09-20T12:48:31.687046500)
12:48:31.699 [Test worker] DEBUG org.example.cliente.repositories.ClienteRepositoryImplKt -- Creating client: Cliente(id=10815af8-4ec7-4bc4-8300-8b1be6fb442a, nombre=test1, Dni=70919049K, cuentaBancaria=CuentaBancaria(iban=ES91 2100 0418 4502 0005 1332, saldo=10.0), tarjetaCredito=TarjetaCredito(numero=1234567890123456, fechaVencimiento=12/25), updated_at=2024-09-20T12:48:31.698060600, created_at=2024-09-20T12:48:31.698060600)
12:48:31.700 [Test worker] INFO org.example.cliente.repositories.ClienteRepositoryImplKt -- Cliente creado: Cliente(id=10815af8-4ec7-4bc4-8300-8b1be6fb442a, nombre=test1, Dni=70919049K, cuentaBancaria=CuentaBancaria(iban=ES91 2100 0418 4502 0005 1332, saldo=10.0), tarjetaCredito=TarjetaCredito(numero=1234567890123456, fechaVencimiento=12/25), updated_at=2024-09-20T12:48:31.698060600, created_at=2024-09-20T12:48:31.698060600)
12:48:31.700 [Test worker] DEBUG org.example.cliente.repositories.ClienteRepositoryImplKt -- Creating client: Cliente(id=1009777d-3155-44ca-a565-c8ede2ed2396, nombre=test2, Dni=70919049K, cuentaBancaria=CuentaBancaria(iban=ES91 2100 0418 4502 0005 1332, saldo=10.0), tarjetaCredito=TarjetaCredito(numero=1234567890123456, fechaVencimiento=12/25), updated_at=2024-09-20T12:48:31.699138100, created_at=2024-09-20T12:48:31.699138100)
12:48:31.701 [Test worker] INFO org.example.cliente.repositories.ClienteRepositoryImplKt -- Cliente creado: Cliente(id=1009777d-3155-44ca-a565-c8ede2ed2396, nombre=test2, Dni=70919049K, cuentaBancaria=CuentaBancaria(iban=ES91 2100 0418 4502 0005 1332, saldo=10.0), tarjetaCredito=TarjetaCredito(numero=1234567890123456, fechaVencimiento=12/25), updated_at=2024-09-20T12:48:31.699138100, created_at=2024-09-20T12:48:31.699138100)
12:48:31.702 [Test worker] DEBUG org.example.cliente.repositories.ClienteRepositoryImplKt -- Deleting client with id: 10815af8-4ec7-4bc4-8300-8b1be6fb442b
12:48:31.702 [Test worker] WARN org.example.cliente.repositories.ClienteRepositoryImplKt -- Cliente con ID: 10815af8-4ec7-4bc4-8300-8b1be6fb442b no encontrado
12:48:31.705 [Test worker] DEBUG org.example.cliente.repositories.ClienteRepositoryImplKt -- Creating client: Cliente(id=10815af8-4ec7-4bc4-8300-8b1be6fb442a, nombre=test1, Dni=70919049K, cuentaBancaria=CuentaBancaria(iban=ES91 2100 0418 4502 0005 1332, saldo=10.0), tarjetaCredito=TarjetaCredito(numero=1234567890123456, fechaVencimiento=12/25), updated_at=2024-09-20T12:48:31.705297600, created_at=2024-09-20T12:48:31.705297600)
12:48:31.707 [Test worker] INFO org.example.cliente.repositories.ClienteRepositoryImplKt -- Cliente creado: Cliente(id=10815af8-4ec7-4bc4-8300-8b1be6fb442a, nombre=test1, Dni=70919049K, cuentaBancaria=CuentaBancaria(iban=ES91 2100 0418 4502 0005 1332, saldo=10.0), tarjetaCredito=TarjetaCredito(numero=1234567890123456, fechaVencimiento=12/25), updated_at=2024-09-20T12:48:31.705297600, created_at=2024-09-20T12:48:31.705297600)
12:48:31.707 [Test worker] DEBUG org.example.cliente.repositories.ClienteRepositoryImplKt -- Creating client: Cliente(id=1009777d-3155-44ca-a565-c8ede2ed2396, nombre=test2, Dni=70919049K, cuentaBancaria=CuentaBancaria(iban=ES91 2100 0418 4502 0005 1332, saldo=10.0), tarjetaCredito=TarjetaCredito(numero=1234567890123456, fechaVencimiento=12/25), updated_at=2024-09-20T12:48:31.705297600, created_at=2024-09-20T12:48:31.705297600)
12:48:31.709 [Test worker] INFO org.example.cliente.repositories.ClienteRepositoryImplKt -- Cliente creado: Cliente(id=1009777d-3155-44ca-a565-c8ede2ed2396, nombre=test2, Dni=70919049K, cuentaBancaria=CuentaBancaria(iban=ES91 2100 0418 4502 0005 1332, saldo=10.0), tarjetaCredito=TarjetaCredito(numero=1234567890123456, fechaVencimiento=12/25), updated_at=2024-09-20T12:48:31.705297600, created_at=2024-09-20T12:48:31.705297600)
12:48:31.710 [Test worker] DEBUG org.example.cliente.repositories.ClienteRepositoryImplKt -- Getting client by id: 10815af8-4ec7-4bc4-8300-8b1be6fb442a
12:48:31.710 [Test worker] INFO org.example.cliente.repositories.ClienteRepositoryImplKt -- Persona encontrada: Cliente(id=10815af8-4ec7-4bc4-8300-8b1be6fb442a, nombre=test1, Dni=70919049K, cuentaBancaria=CuentaBancaria(iban=ES91 2100 0418 4502 0005 1332, saldo=10.0), tarjetaCredito=TarjetaCredito(numero=1234567890123456, fechaVencimiento=12/25), updated_at=2024-09-20T12:48:31.707297700, created_at=2024-09-20T12:48:31.707297700)
12:48:31.716 [Test worker] DEBUG org.example.cliente.repositories.ClienteRepositoryImplKt -- Creating client: Cliente(id=10815af8-4ec7-4bc4-8300-8b1be6fb442a, nombre=test1, Dni=70919049K, cuentaBancaria=CuentaBancaria(iban=ES91 2100 0418 4502 0005 1332, saldo=10.0), tarjetaCredito=TarjetaCredito(numero=1234567890123456, fechaVencimiento=12/25), updated_at=2024-09-20T12:48:31.716586100, created_at=2024-09-20T12:48:31.716586100)
12:48:31.716 [Test worker] INFO org.example.cliente.repositories.ClienteRepositoryImplKt -- Cliente creado: Cliente(id=10815af8-4ec7-4bc4-8300-8b1be6fb442a, nombre=test1, Dni=70919049K, cuentaBancaria=CuentaBancaria(iban=ES91 2100 0418 4502 0005 1332, saldo=10.0), tarjetaCredito=TarjetaCredito(numero=1234567890123456, fechaVencimiento=12/25), updated_at=2024-09-20T12:48:31.716586100, created_at=2024-09-20T12:48:31.716586100)
12:48:31.718 [Test worker] DEBUG org.example.cliente.repositories.ClienteRepositoryImplKt -- Creating client: Cliente(id=1009777d-3155-44ca-a565-c8ede2ed2396, nombre=test2, Dni=70919049K, cuentaBancaria=CuentaBancaria(iban=ES91 2100 0418 4502 0005 1332, saldo=10.0), tarjetaCredito=TarjetaCredito(numero=1234567890123456, fechaVencimiento=12/25), updated_at=2024-09-20T12:48:31.716586100, created_at=2024-09-20T12:48:31.716586100)
12:48:31.719 [Test worker] INFO org.example.cliente.repositories.ClienteRepositoryImplKt -- Cliente creado: Cliente(id=1009777d-3155-44ca-a565-c8ede2ed2396, nombre=test2, Dni=70919049K, cuentaBancaria=CuentaBancaria(iban=ES91 2100 0418 4502 0005 1332, saldo=10.0), tarjetaCredito=TarjetaCredito(numero=1234567890123456, fechaVencimiento=12/25), updated_at=2024-09-20T12:48:31.716586100, created_at=2024-09-20T12:48:31.716586100)
12:48:31.719 [Test worker] DEBUG org.example.cliente.repositories.ClienteRepositoryImplKt -- Getting client by name: test1
12:48:31.720 [Test worker] INFO org.example.cliente.repositories.ClienteRepositoryImplKt -- Total de coincidencias: 1
]]></system-out>
  <system-err><![CDATA[]]></system-err>
</testsuite>
