<?xml version="1.0" encoding="UTF-8"?>
<testsuite name="cliente.Services.ClienteServiceImplTest" tests="24" skipped="0" failures="0" errors="0" timestamp="2024-09-20T10:48:27" hostname="JAVIER" time="3.541">
  <properties/>
  <testcase name="updateInvalidIban()" classname="cliente.Services.ClienteServiceImplTest" time="3.138"/>
  <testcase name="updateNotFound()" classname="cliente.Services.ClienteServiceImplTest" time="0.043"/>
  <testcase name="updateInvalidNombrePorEncimaDelValorLimite()" classname="cliente.Services.ClienteServiceImplTest" time="0.016"/>
  <testcase name="getByIdnotInCache()" classname="cliente.Services.ClienteServiceImplTest" time="0.018"/>
  <testcase name="getByIdNotFound()" classname="cliente.Services.ClienteServiceImplTest" time="0.014"/>
  <testcase name="saveInvalidIbanNumber()" classname="cliente.Services.ClienteServiceImplTest" time="0.012"/>
  <testcase name="getAll()" classname="cliente.Services.ClienteServiceImplTest" time="0.013"/>
  <testcase name="saveInvalidSaldo()" classname="cliente.Services.ClienteServiceImplTest" time="0.013"/>
  <testcase name="updateInvalidTarjetaNumero()" classname="cliente.Services.ClienteServiceImplTest" time="0.014"/>
  <testcase name="update()" classname="cliente.Services.ClienteServiceImplTest" time="0.018"/>
  <testcase name="upadteInvalidCuentaSaldo()" classname="cliente.Services.ClienteServiceImplTest" time="0.014"/>
  <testcase name="deleteNotFound()" classname="cliente.Services.ClienteServiceImplTest" time="0.015"/>
  <testcase name="findByName()" classname="cliente.Services.ClienteServiceImplTest" time="0.01"/>
  <testcase name="updateInvalidTarjetaFecha()" classname="cliente.Services.ClienteServiceImplTest" time="0.013"/>
  <testcase name="saveInvalidTarjetaCreditoFecha()" classname="cliente.Services.ClienteServiceImplTest" time="0.013"/>
  <testcase name="save()" classname="cliente.Services.ClienteServiceImplTest" time="0.014"/>
  <testcase name="getByIdInCache()" classname="cliente.Services.ClienteServiceImplTest" time="0.01"/>
  <testcase name="saveInvalidName()" classname="cliente.Services.ClienteServiceImplTest" time="0.012"/>
  <testcase name="notFoundByName()" classname="cliente.Services.ClienteServiceImplTest" time="0.012"/>
  <testcase name="saveInvalidDni()" classname="cliente.Services.ClienteServiceImplTest" time="0.013"/>
  <testcase name="deleteOk()" classname="cliente.Services.ClienteServiceImplTest" time="0.015"/>
  <testcase name="saveInvalidTarjetaCreditoNumero()" classname="cliente.Services.ClienteServiceImplTest" time="0.017"/>
  <testcase name="updateInvalidDni()" classname="cliente.Services.ClienteServiceImplTest" time="0.014"/>
  <testcase name="updateInvalidNombrePorDebajoDelValorLimite()" classname="cliente.Services.ClienteServiceImplTest" time="0.013"/>
  <system-out><![CDATA[12:48:30.990 [Test worker] DEBUG org.example.cliente.Services.ClienteServiceImplKt -- Actualizando en el repositorio con id: 10815af8-4ec7-4bc4-8300-8b1be6fb442a y datos: Cliente(id=10815af8-4ec7-4bc4-8300-8b1be6fb442a, nombre=test1, Dni=70919049K, cuentaBancaria=CuentaBancaria(iban=ES912100041845020005133, saldo=10.0), tarjetaCredito=TarjetaCredito(numero=1234567890123456, fechaVencimiento=12/25), updated_at=2024-09-20T12:48:30.500879100, created_at=2024-09-20T12:48:30.500879100)
12:48:31.150 [Test worker] DEBUG org.example.cliente.Services.ClienteServiceImplKt -- Actualizando en el repositorio con id: 10815af8-4ec7-4bc4-8300-8b1be6fb442a y datos: Cliente(id=10815af8-4ec7-4bc4-8300-8b1be6fb442a, nombre=test3, Dni=70919049L, cuentaBancaria=CuentaBancaria(iban=ES91 2100 0418 4502 0005 1332, saldo=10.0), tarjetaCredito=TarjetaCredito(numero=1234567890123456, fechaVencimiento=12/25), updated_at=2024-09-20T12:48:31.125627, created_at=2024-09-20T12:48:31.125627)
12:48:31.155 [Test worker] ERROR org.example.cliente.Services.ClienteServiceImplKt -- Persona no actualizada con ID: 10815af8-4ec7-4bc4-8300-8b1be6fb442a
12:48:31.173 [Test worker] DEBUG org.example.cliente.Services.ClienteServiceImplKt -- Actualizando en el repositorio con id: 10815af8-4ec7-4bc4-8300-8b1be6fb442a y datos: Cliente(id=10815af8-4ec7-4bc4-8300-8b1be6fb442a, nombre=ter4eeeeeeeeeeeeeeeeeeeeeeeeeeeeeeeeeeeeeeeeeeeeeeeeeeeeeeeeeeeeeeeeeeeeeeeeeeeeeeeeeeeeeee, Dni=70919049K, cuentaBancaria=CuentaBancaria(iban=ES91 2100 0418 4502 0005 1332, saldo=10.0), tarjetaCredito=TarjetaCredito(numero=1234567890123456, fechaVencimiento=12/25), updated_at=2024-09-20T12:48:31.170349500, created_at=2024-09-20T12:48:31.170349500)
12:48:31.187 [Test worker] DEBUG org.example.cliente.Services.ClienteServiceImplKt -- Buscando cliente por ID: 10815af8-4ec7-4bc4-8300-8b1be6fb442a
12:48:31.188 [Test worker] INFO org.example.cliente.Services.ClienteServiceImplKt -- Cliente encontrado en repositorio: Cliente(id=10815af8-4ec7-4bc4-8300-8b1be6fb442a, nombre=test1, Dni=70919049K, cuentaBancaria=CuentaBancaria(iban=ES91 2100 0418 4502 0005 1332, saldo=10.0), tarjetaCredito=TarjetaCredito(numero=1234567890123456, fechaVencimiento=12/25), updated_at=2024-09-20T12:48:31.178608500, created_at=2024-09-20T12:48:31.178608500)
12:48:31.210 [Test worker] DEBUG org.example.cliente.Services.ClienteServiceImplKt -- Buscando cliente por ID: 10815af8-4ec7-4bc4-8300-8b1be6fb442b
12:48:31.211 [Test worker] INFO org.example.cliente.Services.ClienteServiceImplKt -- Cliente encontrado en repositorio: null
12:48:31.211 [Test worker] ERROR org.example.cliente.Services.ClienteServiceImplKt -- Cliente no encontrado con id 10815af8-4ec7-4bc4-8300-8b1be6fb442b
12:48:31.226 [Test worker] DEBUG org.example.cliente.Services.ClienteServiceImplKt -- Guardando en el repositorio persona Cliente(id=10815af8-4ec7-4bc4-8300-8b1be6fb442a, nombre=test1, Dni=70919049K, cuentaBancaria=CuentaBancaria(iban=ES91 2100 0418 4502 0005 1332, saldo=10.0), tarjetaCredito=TarjetaCredito(numero=1234567890123456, fechaVencimiento=12/25), updated_at=2024-09-20T12:48:31.213756200, created_at=2024-09-20T12:48:31.213756200)
12:48:31.237 [Test worker] DEBUG org.example.cliente.Services.ClienteServiceImplKt -- Obteniendo a todos los clientes
12:48:31.238 [Test worker] INFO org.example.cliente.Services.ClienteServiceImplKt -- Clientes obtenidos: [Cliente(id=10815af8-4ec7-4bc4-8300-8b1be6fb442a, nombre=test1, Dni=70919049K, cuentaBancaria=CuentaBancaria(iban=ES91 2100 0418 4502 0005 1332, saldo=10.0), tarjetaCredito=TarjetaCredito(numero=1234567890123456, fechaVencimiento=12/25), updated_at=2024-09-20T12:48:31.229277900, created_at=2024-09-20T12:48:31.229277900), Cliente(id=1009777d-3155-44ca-a565-c8ede2ed2396, nombre=test2, Dni=70919049K, cuentaBancaria=CuentaBancaria(iban=ES91 2100 0418 4502 0005 1332, saldo=10.0), tarjetaCredito=TarjetaCredito(numero=1234567890123456, fechaVencimiento=12/25), updated_at=2024-09-20T12:48:31.229277900, created_at=2024-09-20T12:48:31.229277900)]
12:48:31.255 [Test worker] DEBUG org.example.cliente.Services.ClienteServiceImplKt -- Guardando en el repositorio persona Cliente(id=10815af8-4ec7-4bc4-8300-8b1be6fb442a, nombre=test1, Dni=70919049K, cuentaBancaria=CuentaBancaria(iban=ES91 2100 0418 4502 0005 1332, saldo=10.0), tarjetaCredito=TarjetaCredito(numero=1234567890123456, fechaVencimiento=12/25), updated_at=2024-09-20T12:48:31.244456800, created_at=2024-09-20T12:48:31.244456800)
12:48:31.272 [Test worker] DEBUG org.example.cliente.Services.ClienteServiceImplKt -- Actualizando en el repositorio con id: 10815af8-4ec7-4bc4-8300-8b1be6fb442a y datos: Cliente(id=10815af8-4ec7-4bc4-8300-8b1be6fb442a, nombre=test3, Dni=70919049L, cuentaBancaria=CuentaBancaria(iban=ES91 2100 0418 4502 0005 1332, saldo=10.0), tarjetaCredito=TarjetaCredito(numero=4257 4600 0460 1638, fechaVencimiento=12/25), updated_at=2024-09-20T12:48:31.267979, created_at=2024-09-20T12:48:31.267979)
12:48:31.287 [Test worker] DEBUG org.example.cliente.Services.ClienteServiceImplKt -- Actualizando en el repositorio con id: 10815af8-4ec7-4bc4-8300-8b1be6fb442a y datos: Cliente(id=10815af8-4ec7-4bc4-8300-8b1be6fb442a, nombre=test3, Dni=70919049L, cuentaBancaria=CuentaBancaria(iban=ES91 2100 0418 4502 0005 1332, saldo=10.0), tarjetaCredito=TarjetaCredito(numero=1234567890123456, fechaVencimiento=12/25), updated_at=2024-09-20T12:48:31.283628200, created_at=2024-09-20T12:48:31.283628200)
12:48:31.289 [Test worker] INFO org.example.cliente.Services.ClienteServiceImplKt -- Persona actualizada en el repositorio: Cliente(id=10815af8-4ec7-4bc4-8300-8b1be6fb442a, nombre=test3, Dni=70919049L, cuentaBancaria=CuentaBancaria(iban=ES91 2100 0418 4502 0005 1332, saldo=10.0), tarjetaCredito=TarjetaCredito(numero=1234567890123456, fechaVencimiento=12/25), updated_at=2024-09-20T12:48:31.283628200, created_at=2024-09-20T12:48:31.283628200)
12:48:31.310 [Test worker] DEBUG org.example.cliente.Services.ClienteServiceImplKt -- Actualizando en el repositorio con id: 10815af8-4ec7-4bc4-8300-8b1be6fb442a y datos: Cliente(id=10815af8-4ec7-4bc4-8300-8b1be6fb442a, nombre=test1, Dni=70919049K, cuentaBancaria=CuentaBancaria(iban=ES912100041845020005133, saldo=-1.0), tarjetaCredito=TarjetaCredito(numero=1234567890123456, fechaVencimiento=12/25), updated_at=2024-09-20T12:48:31.306958100, created_at=2024-09-20T12:48:31.306958100)
12:48:31.326 [Test worker] DEBUG org.example.cliente.Services.ClienteServiceImplKt -- Eliminando en el repositorio con id: 10815af8-4ec7-4bc4-8300-8b1be6fb442b
12:48:31.327 [Test worker] ERROR org.example.cliente.Services.ClienteServiceImplKt -- Persona no encontrada con ID: 10815af8-4ec7-4bc4-8300-8b1be6fb442b
12:48:31.338 [Test worker] DEBUG org.example.cliente.Services.ClienteServiceImplKt -- Buscando clientes por nombre: test1
12:48:31.354 [Test worker] DEBUG org.example.cliente.Services.ClienteServiceImplKt -- Actualizando en el repositorio con id: 10815af8-4ec7-4bc4-8300-8b1be6fb442a y datos: Cliente(id=10815af8-4ec7-4bc4-8300-8b1be6fb442a, nombre=test3, Dni=70919049L, cuentaBancaria=CuentaBancaria(iban=ES91 2100 0418 4502 0005 1332, saldo=10.0), tarjetaCredito=TarjetaCredito(numero=4257 4600 0460 1637, fechaVencimiento=12/20), updated_at=2024-09-20T12:48:31.350725400, created_at=2024-09-20T12:48:31.350725400)
12:48:31.369 [Test worker] DEBUG org.example.cliente.Services.ClienteServiceImplKt -- Guardando en el repositorio persona Cliente(id=10815af8-4ec7-4bc4-8300-8b1be6fb442a, nombre=test1, Dni=70919049K, cuentaBancaria=CuentaBancaria(iban=ES91 2100 0418 4502 0005 1332, saldo=10.0), tarjetaCredito=TarjetaCredito(numero=1234567890123456, fechaVencimiento=12/25), updated_at=2024-09-20T12:48:31.358907700, created_at=2024-09-20T12:48:31.358907700)
12:48:31.382 [Test worker] DEBUG org.example.cliente.Services.ClienteServiceImplKt -- Guardando en el repositorio persona Cliente(id=10815af8-4ec7-4bc4-8300-8b1be6fb442a, nombre=test1, Dni=70919049K, cuentaBancaria=CuentaBancaria(iban=ES91 2100 0418 4502 0005 1332, saldo=10.0), tarjetaCredito=TarjetaCredito(numero=1234567890123456, fechaVencimiento=12/25), updated_at=2024-09-20T12:48:31.374287900, created_at=2024-09-20T12:48:31.374287900)
12:48:31.385 [Test worker] INFO org.example.cliente.Services.ClienteServiceImplKt -- Persona guardada en el repositorio: Cliente(id=10815af8-4ec7-4bc4-8300-8b1be6fb442a, nombre=test1, Dni=70919049K, cuentaBancaria=CuentaBancaria(iban=ES91 2100 0418 4502 0005 1332, saldo=10.0), tarjetaCredito=TarjetaCredito(numero=1234567890123456, fechaVencimiento=12/25), updated_at=2024-09-20T12:48:31.374287900, created_at=2024-09-20T12:48:31.374287900)
12:48:31.396 [Test worker] DEBUG org.example.cliente.Services.ClienteServiceImplKt -- Buscando cliente por ID: 10815af8-4ec7-4bc4-8300-8b1be6fb442a
12:48:31.397 [Test worker] INFO org.example.cliente.Services.ClienteServiceImplKt -- Cliente encontrado en caché: Cliente(id=10815af8-4ec7-4bc4-8300-8b1be6fb442a, nombre=test1, Dni=70919049K, cuentaBancaria=CuentaBancaria(iban=ES91 2100 0418 4502 0005 1332, saldo=10.0), tarjetaCredito=TarjetaCredito(numero=1234567890123456, fechaVencimiento=12/25), updated_at=2024-09-20T12:48:31.389683, created_at=2024-09-20T12:48:31.389683)
12:48:31.410 [Test worker] DEBUG org.example.cliente.Services.ClienteServiceImplKt -- Guardando en el repositorio persona Cliente(id=10815af8-4ec7-4bc4-8300-8b1be6fb442a, nombre=te, Dni=70919049K, cuentaBancaria=CuentaBancaria(iban=ES91 2100 0418 4502 0005 1332, saldo=10.0), tarjetaCredito=TarjetaCredito(numero=1234567890123456, fechaVencimiento=12/25), updated_at=2024-09-20T12:48:31.406955200, created_at=2024-09-20T12:48:31.406955200)
12:48:31.424 [Test worker] DEBUG org.example.cliente.Services.ClienteServiceImplKt -- Buscando clientes por nombre: test3
12:48:31.425 [Test worker] ERROR org.example.cliente.Services.ClienteServiceImplKt -- No se encontraron clientes con el nombre: test3
12:48:31.439 [Test worker] DEBUG org.example.cliente.Services.ClienteServiceImplKt -- Guardando en el repositorio persona Cliente(id=10815af8-4ec7-4bc4-8300-8b1be6fb442a, nombre=test1, Dni=70919049, cuentaBancaria=CuentaBancaria(iban=ES91 2100 0418 4502 0005 1332, saldo=10.0), tarjetaCredito=TarjetaCredito(numero=1234567890123456, fechaVencimiento=12/25), updated_at=2024-09-20T12:48:31.436846800, created_at=2024-09-20T12:48:31.436846800)
12:48:31.452 [Test worker] DEBUG org.example.cliente.Services.ClienteServiceImplKt -- Eliminando en el repositorio con id: 10815af8-4ec7-4bc4-8300-8b1be6fb442a
12:48:31.454 [Test worker] INFO org.example.cliente.Services.ClienteServiceImplKt -- Persona eliminada en el repositorio: Cliente(id=10815af8-4ec7-4bc4-8300-8b1be6fb442a, nombre=test1, Dni=70919049K, cuentaBancaria=CuentaBancaria(iban=ES91 2100 0418 4502 0005 1332, saldo=10.0), tarjetaCredito=TarjetaCredito(numero=1234567890123456, fechaVencimiento=12/25), updated_at=2024-09-20T12:48:31.443542100, created_at=2024-09-20T12:48:31.443542100)
12:48:31.474 [Test worker] DEBUG org.example.cliente.Services.ClienteServiceImplKt -- Guardando en el repositorio persona Cliente(id=10815af8-4ec7-4bc4-8300-8b1be6fb442a, nombre=test1, Dni=70919049K, cuentaBancaria=CuentaBancaria(iban=ES91 2100 0418 4502 0005 1332, saldo=10.0), tarjetaCredito=TarjetaCredito(numero=1234567890123456, fechaVencimiento=12/25), updated_at=2024-09-20T12:48:31.461170800, created_at=2024-09-20T12:48:31.461170800)
12:48:31.491 [Test worker] DEBUG org.example.cliente.Services.ClienteServiceImplKt -- Actualizando en el repositorio con id: 10815af8-4ec7-4bc4-8300-8b1be6fb442a y datos: Cliente(id=10815af8-4ec7-4bc4-8300-8b1be6fb442a, nombre=test3, Dni=70919049, cuentaBancaria=CuentaBancaria(iban=ES91 2100 0418 4502 0005 1332, saldo=10.0), tarjetaCredito=TarjetaCredito(numero=1234567890123456, fechaVencimiento=12/25), updated_at=2024-09-20T12:48:31.487817100, created_at=2024-09-20T12:48:31.487817100)
12:48:31.507 [Test worker] DEBUG org.example.cliente.Services.ClienteServiceImplKt -- Actualizando en el repositorio con id: 10815af8-4ec7-4bc4-8300-8b1be6fb442a y datos: Cliente(id=10815af8-4ec7-4bc4-8300-8b1be6fb442a, nombre=te, Dni=70919049K, cuentaBancaria=CuentaBancaria(iban=ES91 2100 0418 4502 0005 1332, saldo=10.0), tarjetaCredito=TarjetaCredito(numero=1234567890123456, fechaVencimiento=12/25), updated_at=2024-09-20T12:48:31.503417300, created_at=2024-09-20T12:48:31.503417300)
]]></system-out>
  <system-err><![CDATA[WARNING: A Java agent has been loaded dynamically (C:\Users\Usuario\.gradle\caches\modules-2\files-2.1\net.bytebuddy\byte-buddy-agent\1.14.15\b4cc9d88d5de562bf75b3a54ab436ad01b3f72d\byte-buddy-agent-1.14.15.jar)
WARNING: If a serviceability tool is in use, please run with -XX:+EnableDynamicAgentLoading to hide this warning
WARNING: If a serviceability tool is not in use, please run with -Djdk.instrument.traceUsage for more information
WARNING: Dynamic loading of agents will be disallowed by default in a future release
SLF4J(I): Connected with provider of type [ch.qos.logback.classic.spi.LogbackServiceProvider]
]]></system-err>
</testsuite>
