<?xml version="1.0" encoding="UTF-8"?>
<testsuite name="cliente.repositories.ClienteRepositoryImplTest" tests="10" skipped="0" failures="0" errors="0" timestamp="2024-09-20T10:39:03" hostname="DESKTOP-5QH9VRT" time="0.046">
  <properties/>
  <testcase name="updateNotFound()" classname="cliente.repositories.ClienteRepositoryImplTest" time="0.005"/>
  <testcase name="getByIdNotFound()" classname="cliente.repositories.ClienteRepositoryImplTest" time="0.002"/>
  <testcase name="create()" classname="cliente.repositories.ClienteRepositoryImplTest" time="0.005"/>
  <testcase name="delete()" classname="cliente.repositories.ClienteRepositoryImplTest" time="0.002"/>
  <testcase name="getAll()" classname="cliente.repositories.ClienteRepositoryImplTest" time="0.004"/>
  <testcase name="getByNameNotFound()" classname="cliente.repositories.ClienteRepositoryImplTest" time="0.009"/>
  <testcase name="update()" classname="cliente.repositories.ClienteRepositoryImplTest" time="0.003"/>
  <testcase name="deleteNotFound()" classname="cliente.repositories.ClienteRepositoryImplTest" time="0.002"/>
  <testcase name="getById()" classname="cliente.repositories.ClienteRepositoryImplTest" time="0.003"/>
  <testcase name="getByName()" classname="cliente.repositories.ClienteRepositoryImplTest" time="0.003"/>
  <system-out><![CDATA[12:39:03.866 [Test worker] DEBUG org.example.cliente.repositories.ClienteRepositoryImplKt -- Creating client: Cliente(id=10815af8-4ec7-4bc4-8300-8b1be6fb442a, nombre=test1, Dni=70919049K, cuentaBancaria=CuentaBancaria(iban=ES91 2100 0418 4502 0005 1332, saldo=10.0), tarjetaCredito=TarjetaCredito(numero=1234567890123456, fechaVencimiento=12/25), updated_at=2024-09-20T12:39:03.864063900, created_at=2024-09-20T12:39:03.864063900)
12:39:03.866 [Test worker] INFO org.example.cliente.repositories.ClienteRepositoryImplKt -- Cliente creado: Cliente(id=10815af8-4ec7-4bc4-8300-8b1be6fb442a, nombre=test1, Dni=70919049K, cuentaBancaria=CuentaBancaria(iban=ES91 2100 0418 4502 0005 1332, saldo=10.0), tarjetaCredito=TarjetaCredito(numero=1234567890123456, fechaVencimiento=12/25), updated_at=2024-09-20T12:39:03.864063900, created_at=2024-09-20T12:39:03.864063900)
12:39:03.866 [Test worker] DEBUG org.example.cliente.repositories.ClienteRepositoryImplKt -- Creating client: Cliente(id=1009777d-3155-44ca-a565-c8ede2ed2396, nombre=test2, Dni=70919049K, cuentaBancaria=CuentaBancaria(iban=ES91 2100 0418 4502 0005 1332, saldo=10.0), tarjetaCredito=TarjetaCredito(numero=1234567890123456, fechaVencimiento=12/25), updated_at=2024-09-20T12:39:03.864063900, created_at=2024-09-20T12:39:03.864063900)
12:39:03.866 [Test worker] INFO org.example.cliente.repositories.ClienteRepositoryImplKt -- Cliente creado: Cliente(id=1009777d-3155-44ca-a565-c8ede2ed2396, nombre=test2, Dni=70919049K, cuentaBancaria=CuentaBancaria(iban=ES91 2100 0418 4502 0005 1332, saldo=10.0), tarjetaCredito=TarjetaCredito(numero=1234567890123456, fechaVencimiento=12/25), updated_at=2024-09-20T12:39:03.864063900, created_at=2024-09-20T12:39:03.864063900)
12:39:03.867 [Test worker] DEBUG org.example.cliente.repositories.ClienteRepositoryImplKt -- Updating client with id: 63591beb-d620-4dcf-a719-3a2c4ed88f03
12:39:03.867 [Test worker] DEBUG org.example.cliente.repositories.ClienteRepositoryImplKt -- Getting client by id: 63591beb-d620-4dcf-a719-3a2c4ed88f03
12:39:03.867 [Test worker] WARN org.example.cliente.repositories.ClienteRepositoryImplKt -- Persona con ID: 63591beb-d620-4dcf-a719-3a2c4ed88f03 no encontrada
12:39:03.870 [Test worker] DEBUG org.example.cliente.repositories.ClienteRepositoryImplKt -- Creating client: Cliente(id=10815af8-4ec7-4bc4-8300-8b1be6fb442a, nombre=test1, Dni=70919049K, cuentaBancaria=CuentaBancaria(iban=ES91 2100 0418 4502 0005 1332, saldo=10.0), tarjetaCredito=TarjetaCredito(numero=1234567890123456, fechaVencimiento=12/25), updated_at=2024-09-20T12:39:03.870066, created_at=2024-09-20T12:39:03.870066)
12:39:03.870 [Test worker] INFO org.example.cliente.repositories.ClienteRepositoryImplKt -- Cliente creado: Cliente(id=10815af8-4ec7-4bc4-8300-8b1be6fb442a, nombre=test1, Dni=70919049K, cuentaBancaria=CuentaBancaria(iban=ES91 2100 0418 4502 0005 1332, saldo=10.0), tarjetaCredito=TarjetaCredito(numero=1234567890123456, fechaVencimiento=12/25), updated_at=2024-09-20T12:39:03.870066, created_at=2024-09-20T12:39:03.870066)
12:39:03.871 [Test worker] DEBUG org.example.cliente.repositories.ClienteRepositoryImplKt -- Creating client: Cliente(id=1009777d-3155-44ca-a565-c8ede2ed2396, nombre=test2, Dni=70919049K, cuentaBancaria=CuentaBancaria(iban=ES91 2100 0418 4502 0005 1332, saldo=10.0), tarjetaCredito=TarjetaCredito(numero=1234567890123456, fechaVencimiento=12/25), updated_at=2024-09-20T12:39:03.870066, created_at=2024-09-20T12:39:03.870066)
12:39:03.871 [Test worker] INFO org.example.cliente.repositories.ClienteRepositoryImplKt -- Cliente creado: Cliente(id=1009777d-3155-44ca-a565-c8ede2ed2396, nombre=test2, Dni=70919049K, cuentaBancaria=CuentaBancaria(iban=ES91 2100 0418 4502 0005 1332, saldo=10.0), tarjetaCredito=TarjetaCredito(numero=1234567890123456, fechaVencimiento=12/25), updated_at=2024-09-20T12:39:03.870066, created_at=2024-09-20T12:39:03.870066)
12:39:03.871 [Test worker] DEBUG org.example.cliente.repositories.ClienteRepositoryImplKt -- Getting client by id: 10815af8-4ec7-4bc4-8300-8b1be6fb442b
12:39:03.871 [Test worker] WARN org.example.cliente.repositories.ClienteRepositoryImplKt -- Persona con ID: 10815af8-4ec7-4bc4-8300-8b1be6fb442b no encontrada
12:39:03.875 [Test worker] DEBUG org.example.cliente.repositories.ClienteRepositoryImplKt -- Creating client: Cliente(id=10815af8-4ec7-4bc4-8300-8b1be6fb442a, nombre=test1, Dni=70919049K, cuentaBancaria=CuentaBancaria(iban=ES91 2100 0418 4502 0005 1332, saldo=10.0), tarjetaCredito=TarjetaCredito(numero=1234567890123456, fechaVencimiento=12/25), updated_at=2024-09-20T12:39:03.874068800, created_at=2024-09-20T12:39:03.874068800)
12:39:03.875 [Test worker] INFO org.example.cliente.repositories.ClienteRepositoryImplKt -- Cliente creado: Cliente(id=10815af8-4ec7-4bc4-8300-8b1be6fb442a, nombre=test1, Dni=70919049K, cuentaBancaria=CuentaBancaria(iban=ES91 2100 0418 4502 0005 1332, saldo=10.0), tarjetaCredito=TarjetaCredito(numero=1234567890123456, fechaVencimiento=12/25), updated_at=2024-09-20T12:39:03.874068800, created_at=2024-09-20T12:39:03.874068800)
12:39:03.876 [Test worker] DEBUG org.example.cliente.repositories.ClienteRepositoryImplKt -- Creating client: Cliente(id=1009777d-3155-44ca-a565-c8ede2ed2396, nombre=test2, Dni=70919049K, cuentaBancaria=CuentaBancaria(iban=ES91 2100 0418 4502 0005 1332, saldo=10.0), tarjetaCredito=TarjetaCredito(numero=1234567890123456, fechaVencimiento=12/25), updated_at=2024-09-20T12:39:03.874068800, created_at=2024-09-20T12:39:03.874068800)
12:39:03.876 [Test worker] INFO org.example.cliente.repositories.ClienteRepositoryImplKt -- Cliente creado: Cliente(id=1009777d-3155-44ca-a565-c8ede2ed2396, nombre=test2, Dni=70919049K, cuentaBancaria=CuentaBancaria(iban=ES91 2100 0418 4502 0005 1332, saldo=10.0), tarjetaCredito=TarjetaCredito(numero=1234567890123456, fechaVencimiento=12/25), updated_at=2024-09-20T12:39:03.874068800, created_at=2024-09-20T12:39:03.874068800)
12:39:03.877 [Test worker] DEBUG org.example.cliente.repositories.ClienteRepositoryImplKt -- Creating client: Cliente(id=3d41bfec-4ef0-42cc-a4a4-2ae2d8efd53a, nombre=test3, Dni=70919049K, cuentaBancaria=CuentaBancaria(iban=ES91 2100 0418 4502 0005 1332, saldo=10.0), tarjetaCredito=TarjetaCredito(numero=1234567890123456, fechaVencimiento=12/25), updated_at=2024-09-20T12:39:03.877069200, created_at=2024-09-20T12:39:03.877069200)
12:39:03.877 [Test worker] INFO org.example.cliente.repositories.ClienteRepositoryImplKt -- Cliente creado: Cliente(id=3d41bfec-4ef0-42cc-a4a4-2ae2d8efd53a, nombre=test3, Dni=70919049K, cuentaBancaria=CuentaBancaria(iban=ES91 2100 0418 4502 0005 1332, saldo=10.0), tarjetaCredito=TarjetaCredito(numero=1234567890123456, fechaVencimiento=12/25), updated_at=2024-09-20T12:39:03.877069200, created_at=2024-09-20T12:39:03.877069200)
12:39:03.879 [Test worker] DEBUG org.example.cliente.repositories.ClienteRepositoryImplKt -- Creating client: Cliente(id=10815af8-4ec7-4bc4-8300-8b1be6fb442a, nombre=test1, Dni=70919049K, cuentaBancaria=CuentaBancaria(iban=ES91 2100 0418 4502 0005 1332, saldo=10.0), tarjetaCredito=TarjetaCredito(numero=1234567890123456, fechaVencimiento=12/25), updated_at=2024-09-20T12:39:03.879070, created_at=2024-09-20T12:39:03.879070)
12:39:03.879 [Test worker] INFO org.example.cliente.repositories.ClienteRepositoryImplKt -- Cliente creado: Cliente(id=10815af8-4ec7-4bc4-8300-8b1be6fb442a, nombre=test1, Dni=70919049K, cuentaBancaria=CuentaBancaria(iban=ES91 2100 0418 4502 0005 1332, saldo=10.0), tarjetaCredito=TarjetaCredito(numero=1234567890123456, fechaVencimiento=12/25), updated_at=2024-09-20T12:39:03.879070, created_at=2024-09-20T12:39:03.879070)
12:39:03.879 [Test worker] DEBUG org.example.cliente.repositories.ClienteRepositoryImplKt -- Creating client: Cliente(id=1009777d-3155-44ca-a565-c8ede2ed2396, nombre=test2, Dni=70919049K, cuentaBancaria=CuentaBancaria(iban=ES91 2100 0418 4502 0005 1332, saldo=10.0), tarjetaCredito=TarjetaCredito(numero=1234567890123456, fechaVencimiento=12/25), updated_at=2024-09-20T12:39:03.879070, created_at=2024-09-20T12:39:03.879070)
12:39:03.880 [Test worker] INFO org.example.cliente.repositories.ClienteRepositoryImplKt -- Cliente creado: Cliente(id=1009777d-3155-44ca-a565-c8ede2ed2396, nombre=test2, Dni=70919049K, cuentaBancaria=CuentaBancaria(iban=ES91 2100 0418 4502 0005 1332, saldo=10.0), tarjetaCredito=TarjetaCredito(numero=1234567890123456, fechaVencimiento=12/25), updated_at=2024-09-20T12:39:03.879070, created_at=2024-09-20T12:39:03.879070)
12:39:03.880 [Test worker] DEBUG org.example.cliente.repositories.ClienteRepositoryImplKt -- Deleting client with id: 10815af8-4ec7-4bc4-8300-8b1be6fb442a
12:39:03.880 [Test worker] INFO org.example.cliente.repositories.ClienteRepositoryImplKt -- Cliente eliminado: Cliente(id=10815af8-4ec7-4bc4-8300-8b1be6fb442a, nombre=test1, Dni=70919049K, cuentaBancaria=CuentaBancaria(iban=ES91 2100 0418 4502 0005 1332, saldo=10.0), tarjetaCredito=TarjetaCredito(numero=1234567890123456, fechaVencimiento=12/25), updated_at=2024-09-20T12:39:03.879070, created_at=2024-09-20T12:39:03.879070)
12:39:03.882 [Test worker] DEBUG org.example.cliente.repositories.ClienteRepositoryImplKt -- Creating client: Cliente(id=10815af8-4ec7-4bc4-8300-8b1be6fb442a, nombre=test1, Dni=70919049K, cuentaBancaria=CuentaBancaria(iban=ES91 2100 0418 4502 0005 1332, saldo=10.0), tarjetaCredito=TarjetaCredito(numero=1234567890123456, fechaVencimiento=12/25), updated_at=2024-09-20T12:39:03.882071400, created_at=2024-09-20T12:39:03.882071400)
12:39:03.882 [Test worker] INFO org.example.cliente.repositories.ClienteRepositoryImplKt -- Cliente creado: Cliente(id=10815af8-4ec7-4bc4-8300-8b1be6fb442a, nombre=test1, Dni=70919049K, cuentaBancaria=CuentaBancaria(iban=ES91 2100 0418 4502 0005 1332, saldo=10.0), tarjetaCredito=TarjetaCredito(numero=1234567890123456, fechaVencimiento=12/25), updated_at=2024-09-20T12:39:03.882071400, created_at=2024-09-20T12:39:03.882071400)
12:39:03.883 [Test worker] DEBUG org.example.cliente.repositories.ClienteRepositoryImplKt -- Creating client: Cliente(id=1009777d-3155-44ca-a565-c8ede2ed2396, nombre=test2, Dni=70919049K, cuentaBancaria=CuentaBancaria(iban=ES91 2100 0418 4502 0005 1332, saldo=10.0), tarjetaCredito=TarjetaCredito(numero=1234567890123456, fechaVencimiento=12/25), updated_at=2024-09-20T12:39:03.882071400, created_at=2024-09-20T12:39:03.882071400)
12:39:03.883 [Test worker] INFO org.example.cliente.repositories.ClienteRepositoryImplKt -- Cliente creado: Cliente(id=1009777d-3155-44ca-a565-c8ede2ed2396, nombre=test2, Dni=70919049K, cuentaBancaria=CuentaBancaria(iban=ES91 2100 0418 4502 0005 1332, saldo=10.0), tarjetaCredito=TarjetaCredito(numero=1234567890123456, fechaVencimiento=12/25), updated_at=2024-09-20T12:39:03.882071400, created_at=2024-09-20T12:39:03.882071400)
12:39:03.883 [Test worker] DEBUG org.example.cliente.repositories.ClienteRepositoryImplKt -- Getting all clients
12:39:03.888 [Test worker] DEBUG org.example.cliente.repositories.ClienteRepositoryImplKt -- Creating client: Cliente(id=10815af8-4ec7-4bc4-8300-8b1be6fb442a, nombre=test1, Dni=70919049K, cuentaBancaria=CuentaBancaria(iban=ES91 2100 0418 4502 0005 1332, saldo=10.0), tarjetaCredito=TarjetaCredito(numero=1234567890123456, fechaVencimiento=12/25), updated_at=2024-09-20T12:39:03.888072900, created_at=2024-09-20T12:39:03.888072900)
12:39:03.888 [Test worker] INFO org.example.cliente.repositories.ClienteRepositoryImplKt -- Cliente creado: Cliente(id=10815af8-4ec7-4bc4-8300-8b1be6fb442a, nombre=test1, Dni=70919049K, cuentaBancaria=CuentaBancaria(iban=ES91 2100 0418 4502 0005 1332, saldo=10.0), tarjetaCredito=TarjetaCredito(numero=1234567890123456, fechaVencimiento=12/25), updated_at=2024-09-20T12:39:03.888072900, created_at=2024-09-20T12:39:03.888072900)
12:39:03.888 [Test worker] DEBUG org.example.cliente.repositories.ClienteRepositoryImplKt -- Creating client: Cliente(id=1009777d-3155-44ca-a565-c8ede2ed2396, nombre=test2, Dni=70919049K, cuentaBancaria=CuentaBancaria(iban=ES91 2100 0418 4502 0005 1332, saldo=10.0), tarjetaCredito=TarjetaCredito(numero=1234567890123456, fechaVencimiento=12/25), updated_at=2024-09-20T12:39:03.888072900, created_at=2024-09-20T12:39:03.888072900)
12:39:03.888 [Test worker] INFO org.example.cliente.repositories.ClienteRepositoryImplKt -- Cliente creado: Cliente(id=1009777d-3155-44ca-a565-c8ede2ed2396, nombre=test2, Dni=70919049K, cuentaBancaria=CuentaBancaria(iban=ES91 2100 0418 4502 0005 1332, saldo=10.0), tarjetaCredito=TarjetaCredito(numero=1234567890123456, fechaVencimiento=12/25), updated_at=2024-09-20T12:39:03.888072900, created_at=2024-09-20T12:39:03.888072900)
12:39:03.889 [Test worker] DEBUG org.example.cliente.repositories.ClienteRepositoryImplKt -- Getting client by name: test3
12:39:03.895 [Test worker] INFO org.example.cliente.repositories.ClienteRepositoryImplKt -- Total de coincidencias: 0
12:39:03.897 [Test worker] DEBUG org.example.cliente.repositories.ClienteRepositoryImplKt -- Creating client: Cliente(id=10815af8-4ec7-4bc4-8300-8b1be6fb442a, nombre=test1, Dni=70919049K, cuentaBancaria=CuentaBancaria(iban=ES91 2100 0418 4502 0005 1332, saldo=10.0), tarjetaCredito=TarjetaCredito(numero=1234567890123456, fechaVencimiento=12/25), updated_at=2024-09-20T12:39:03.897074100, created_at=2024-09-20T12:39:03.897074100)
12:39:03.897 [Test worker] INFO org.example.cliente.repositories.ClienteRepositoryImplKt -- Cliente creado: Cliente(id=10815af8-4ec7-4bc4-8300-8b1be6fb442a, nombre=test1, Dni=70919049K, cuentaBancaria=CuentaBancaria(iban=ES91 2100 0418 4502 0005 1332, saldo=10.0), tarjetaCredito=TarjetaCredito(numero=1234567890123456, fechaVencimiento=12/25), updated_at=2024-09-20T12:39:03.897074100, created_at=2024-09-20T12:39:03.897074100)
12:39:03.897 [Test worker] DEBUG org.example.cliente.repositories.ClienteRepositoryImplKt -- Creating client: Cliente(id=1009777d-3155-44ca-a565-c8ede2ed2396, nombre=test2, Dni=70919049K, cuentaBancaria=CuentaBancaria(iban=ES91 2100 0418 4502 0005 1332, saldo=10.0), tarjetaCredito=TarjetaCredito(numero=1234567890123456, fechaVencimiento=12/25), updated_at=2024-09-20T12:39:03.897074100, created_at=2024-09-20T12:39:03.897074100)
12:39:03.898 [Test worker] INFO org.example.cliente.repositories.ClienteRepositoryImplKt -- Cliente creado: Cliente(id=1009777d-3155-44ca-a565-c8ede2ed2396, nombre=test2, Dni=70919049K, cuentaBancaria=CuentaBancaria(iban=ES91 2100 0418 4502 0005 1332, saldo=10.0), tarjetaCredito=TarjetaCredito(numero=1234567890123456, fechaVencimiento=12/25), updated_at=2024-09-20T12:39:03.897074100, created_at=2024-09-20T12:39:03.897074100)
12:39:03.898 [Test worker] DEBUG org.example.cliente.repositories.ClienteRepositoryImplKt -- Updating client with id: 10815af8-4ec7-4bc4-8300-8b1be6fb442a
12:39:03.898 [Test worker] DEBUG org.example.cliente.repositories.ClienteRepositoryImplKt -- Getting client by id: 10815af8-4ec7-4bc4-8300-8b1be6fb442a
12:39:03.898 [Test worker] INFO org.example.cliente.repositories.ClienteRepositoryImplKt -- Persona encontrada: Cliente(id=10815af8-4ec7-4bc4-8300-8b1be6fb442a, nombre=test1, Dni=70919049K, cuentaBancaria=CuentaBancaria(iban=ES91 2100 0418 4502 0005 1332, saldo=10.0), tarjetaCredito=TarjetaCredito(numero=1234567890123456, fechaVencimiento=12/25), updated_at=2024-09-20T12:39:03.897074100, created_at=2024-09-20T12:39:03.897074100)
12:39:03.898 [Test worker] INFO org.example.cliente.repositories.ClienteRepositoryImplKt -- Cliente actualizado: Cliente(id=10815af8-4ec7-4bc4-8300-8b1be6fb442a, nombre=test1, Dni=70919049K, cuentaBancaria=CuentaBancaria(iban=ES91 2100 0418 4502 0005 1332, saldo=10.0), tarjetaCredito=TarjetaCredito(numero=1234567890123456, fechaVencimiento=12/25), updated_at=2024-09-20T12:39:03.897074100, created_at=2024-09-20T12:39:03.897074100)
12:39:03.901 [Test worker] DEBUG org.example.cliente.repositories.ClienteRepositoryImplKt -- Creating client: Cliente(id=10815af8-4ec7-4bc4-8300-8b1be6fb442a, nombre=test1, Dni=70919049K, cuentaBancaria=CuentaBancaria(iban=ES91 2100 0418 4502 0005 1332, saldo=10.0), tarjetaCredito=TarjetaCredito(numero=1234567890123456, fechaVencimiento=12/25), updated_at=2024-09-20T12:39:03.901781, created_at=2024-09-20T12:39:03.901781)
12:39:03.901 [Test worker] INFO org.example.cliente.repositories.ClienteRepositoryImplKt -- Cliente creado: Cliente(id=10815af8-4ec7-4bc4-8300-8b1be6fb442a, nombre=test1, Dni=70919049K, cuentaBancaria=CuentaBancaria(iban=ES91 2100 0418 4502 0005 1332, saldo=10.0), tarjetaCredito=TarjetaCredito(numero=1234567890123456, fechaVencimiento=12/25), updated_at=2024-09-20T12:39:03.901781, created_at=2024-09-20T12:39:03.901781)
12:39:03.901 [Test worker] DEBUG org.example.cliente.repositories.ClienteRepositoryImplKt -- Creating client: Cliente(id=1009777d-3155-44ca-a565-c8ede2ed2396, nombre=test2, Dni=70919049K, cuentaBancaria=CuentaBancaria(iban=ES91 2100 0418 4502 0005 1332, saldo=10.0), tarjetaCredito=TarjetaCredito(numero=1234567890123456, fechaVencimiento=12/25), updated_at=2024-09-20T12:39:03.901781, created_at=2024-09-20T12:39:03.901781)
12:39:03.902 [Test worker] INFO org.example.cliente.repositories.ClienteRepositoryImplKt -- Cliente creado: Cliente(id=1009777d-3155-44ca-a565-c8ede2ed2396, nombre=test2, Dni=70919049K, cuentaBancaria=CuentaBancaria(iban=ES91 2100 0418 4502 0005 1332, saldo=10.0), tarjetaCredito=TarjetaCredito(numero=1234567890123456, fechaVencimiento=12/25), updated_at=2024-09-20T12:39:03.901781, created_at=2024-09-20T12:39:03.901781)
12:39:03.902 [Test worker] DEBUG org.example.cliente.repositories.ClienteRepositoryImplKt -- Deleting client with id: 10815af8-4ec7-4bc4-8300-8b1be6fb442b
12:39:03.902 [Test worker] WARN org.example.cliente.repositories.ClienteRepositoryImplKt -- Cliente con ID: 10815af8-4ec7-4bc4-8300-8b1be6fb442b no encontrado
12:39:03.904 [Test worker] DEBUG org.example.cliente.repositories.ClienteRepositoryImplKt -- Creating client: Cliente(id=10815af8-4ec7-4bc4-8300-8b1be6fb442a, nombre=test1, Dni=70919049K, cuentaBancaria=CuentaBancaria(iban=ES91 2100 0418 4502 0005 1332, saldo=10.0), tarjetaCredito=TarjetaCredito(numero=1234567890123456, fechaVencimiento=12/25), updated_at=2024-09-20T12:39:03.904781800, created_at=2024-09-20T12:39:03.904781800)
12:39:03.904 [Test worker] INFO org.example.cliente.repositories.ClienteRepositoryImplKt -- Cliente creado: Cliente(id=10815af8-4ec7-4bc4-8300-8b1be6fb442a, nombre=test1, Dni=70919049K, cuentaBancaria=CuentaBancaria(iban=ES91 2100 0418 4502 0005 1332, saldo=10.0), tarjetaCredito=TarjetaCredito(numero=1234567890123456, fechaVencimiento=12/25), updated_at=2024-09-20T12:39:03.904781800, created_at=2024-09-20T12:39:03.904781800)
12:39:03.904 [Test worker] DEBUG org.example.cliente.repositories.ClienteRepositoryImplKt -- Creating client: Cliente(id=1009777d-3155-44ca-a565-c8ede2ed2396, nombre=test2, Dni=70919049K, cuentaBancaria=CuentaBancaria(iban=ES91 2100 0418 4502 0005 1332, saldo=10.0), tarjetaCredito=TarjetaCredito(numero=1234567890123456, fechaVencimiento=12/25), updated_at=2024-09-20T12:39:03.904781800, created_at=2024-09-20T12:39:03.904781800)
12:39:03.905 [Test worker] INFO org.example.cliente.repositories.ClienteRepositoryImplKt -- Cliente creado: Cliente(id=1009777d-3155-44ca-a565-c8ede2ed2396, nombre=test2, Dni=70919049K, cuentaBancaria=CuentaBancaria(iban=ES91 2100 0418 4502 0005 1332, saldo=10.0), tarjetaCredito=TarjetaCredito(numero=1234567890123456, fechaVencimiento=12/25), updated_at=2024-09-20T12:39:03.904781800, created_at=2024-09-20T12:39:03.904781800)
12:39:03.905 [Test worker] DEBUG org.example.cliente.repositories.ClienteRepositoryImplKt -- Getting client by id: 10815af8-4ec7-4bc4-8300-8b1be6fb442a
12:39:03.905 [Test worker] INFO org.example.cliente.repositories.ClienteRepositoryImplKt -- Persona encontrada: Cliente(id=10815af8-4ec7-4bc4-8300-8b1be6fb442a, nombre=test1, Dni=70919049K, cuentaBancaria=CuentaBancaria(iban=ES91 2100 0418 4502 0005 1332, saldo=10.0), tarjetaCredito=TarjetaCredito(numero=1234567890123456, fechaVencimiento=12/25), updated_at=2024-09-20T12:39:03.904781800, created_at=2024-09-20T12:39:03.904781800)
12:39:03.907 [Test worker] DEBUG org.example.cliente.repositories.ClienteRepositoryImplKt -- Creating client: Cliente(id=10815af8-4ec7-4bc4-8300-8b1be6fb442a, nombre=test1, Dni=70919049K, cuentaBancaria=CuentaBancaria(iban=ES91 2100 0418 4502 0005 1332, saldo=10.0), tarjetaCredito=TarjetaCredito(numero=1234567890123456, fechaVencimiento=12/25), updated_at=2024-09-20T12:39:03.907782400, created_at=2024-09-20T12:39:03.907782400)
12:39:03.907 [Test worker] INFO org.example.cliente.repositories.ClienteRepositoryImplKt -- Cliente creado: Cliente(id=10815af8-4ec7-4bc4-8300-8b1be6fb442a, nombre=test1, Dni=70919049K, cuentaBancaria=CuentaBancaria(iban=ES91 2100 0418 4502 0005 1332, saldo=10.0), tarjetaCredito=TarjetaCredito(numero=1234567890123456, fechaVencimiento=12/25), updated_at=2024-09-20T12:39:03.907782400, created_at=2024-09-20T12:39:03.907782400)
12:39:03.907 [Test worker] DEBUG org.example.cliente.repositories.ClienteRepositoryImplKt -- Creating client: Cliente(id=1009777d-3155-44ca-a565-c8ede2ed2396, nombre=test2, Dni=70919049K, cuentaBancaria=CuentaBancaria(iban=ES91 2100 0418 4502 0005 1332, saldo=10.0), tarjetaCredito=TarjetaCredito(numero=1234567890123456, fechaVencimiento=12/25), updated_at=2024-09-20T12:39:03.907782400, created_at=2024-09-20T12:39:03.907782400)
12:39:03.907 [Test worker] INFO org.example.cliente.repositories.ClienteRepositoryImplKt -- Cliente creado: Cliente(id=1009777d-3155-44ca-a565-c8ede2ed2396, nombre=test2, Dni=70919049K, cuentaBancaria=CuentaBancaria(iban=ES91 2100 0418 4502 0005 1332, saldo=10.0), tarjetaCredito=TarjetaCredito(numero=1234567890123456, fechaVencimiento=12/25), updated_at=2024-09-20T12:39:03.907782400, created_at=2024-09-20T12:39:03.907782400)
12:39:03.908 [Test worker] DEBUG org.example.cliente.repositories.ClienteRepositoryImplKt -- Getting client by name: test1
12:39:03.908 [Test worker] INFO org.example.cliente.repositories.ClienteRepositoryImplKt -- Total de coincidencias: 1
]]></system-out>
  <system-err><![CDATA[]]></system-err>
</testsuite>
