<?xml version="1.0" encoding="UTF-8"?>
<testsuite name="cliente.validators.TarjetaValidatorTest" tests="8" skipped="0" failures="0" errors="0" timestamp="2024-09-20T10:39:03" hostname="DESKTOP-5QH9VRT" time="0.024">
  <properties/>
  <testcase name="validateTarjetaCreditoOk()" classname="cliente.validators.TarjetaValidatorTest" time="0.009"/>
  <testcase name="validateTarjetaCreditoInvalidNumero()" classname="cliente.validators.TarjetaValidatorTest" time="0.002"/>
  <testcase name="validateTarjetaNumeroPorDebajoDelValorMinimo()" classname="cliente.validators.TarjetaValidatorTest" time="0.002"/>
  <testcase name="validateTarjetaNumeroInvalido()" classname="cliente.validators.TarjetaValidatorTest" time="0.002"/>
  <testcase name="validateTarjetaNumeroPorEncimaDelValorMaximo()" classname="cliente.validators.TarjetaValidatorTest" time="0.002"/>
  <testcase name="invalidFechadeVencimiento()" classname="cliente.validators.TarjetaValidatorTest" time="0.002"/>
  <testcase name="validateTarjetaVencidaPorEncimaDelValorlimite()" classname="cliente.validators.TarjetaValidatorTest" time="0.002"/>
  <testcase name="validateTarjetaNumeroNoSonDigitos()" classname="cliente.validators.TarjetaValidatorTest" time="0.001"/>
  <system-out><![CDATA[12:39:03.958 [Test worker] DEBUG org.example.cliente.validators.TarjetaValidatorKt -- Validando número de tarjeta
12:39:03.963 [Test worker] DEBUG org.example.cliente.validators.TarjetaValidatorKt -- Validando fecha de vencimiento
12:39:03.965 [Test worker] INFO org.example.cliente.validators.TarjetaValidatorKt -- La fecha de vencimiento es válida
12:39:03.967 [Test worker] DEBUG org.example.cliente.validators.TarjetaValidatorKt -- Validando número de tarjeta
12:39:03.970 [Test worker] DEBUG org.example.cliente.validators.TarjetaValidatorKt -- Validando número de tarjeta
12:39:03.972 [Test worker] DEBUG org.example.cliente.validators.TarjetaValidatorKt -- Validando número de tarjeta
12:39:03.975 [Test worker] DEBUG org.example.cliente.validators.TarjetaValidatorKt -- Validando número de tarjeta
12:39:03.977 [Test worker] DEBUG org.example.cliente.validators.TarjetaValidatorKt -- Validando número de tarjeta
12:39:03.977 [Test worker] DEBUG org.example.cliente.validators.TarjetaValidatorKt -- Validando fecha de vencimiento
12:39:03.977 [Test worker] ERROR org.example.cliente.validators.TarjetaValidatorKt -- La fecha de vencimiento no es válida. Mes incorrecto o año incorrecto
12:39:03.979 [Test worker] DEBUG org.example.cliente.validators.TarjetaValidatorKt -- Validando número de tarjeta
12:39:03.979 [Test worker] DEBUG org.example.cliente.validators.TarjetaValidatorKt -- Validando fecha de vencimiento
12:39:03.979 [Test worker] INFO org.example.cliente.validators.TarjetaValidatorKt -- La fecha de vencimiento es válida
12:39:03.980 [Test worker] DEBUG org.example.cliente.validators.TarjetaValidatorKt -- Validando número de tarjeta
]]></system-out>
  <system-err><![CDATA[]]></system-err>
</testsuite>
