<?xml version="1.0" encoding="UTF-8"?>
<testsuite name="cliente.Services.ClienteServiceImplTest" tests="24" skipped="0" failures="0" errors="0" timestamp="2024-09-20T10:39:02" hostname="DESKTOP-5QH9VRT" time="1.196">
  <properties/>
  <testcase name="updateInvalidIban()" classname="cliente.Services.ClienteServiceImplTest" time="1.005"/>
  <testcase name="updateNotFound()" classname="cliente.Services.ClienteServiceImplTest" time="0.02"/>
  <testcase name="updateInvalidNombrePorEncimaDelValorLimite()" classname="cliente.Services.ClienteServiceImplTest" time="0.007"/>
  <testcase name="getByIdnotInCache()" classname="cliente.Services.ClienteServiceImplTest" time="0.01"/>
  <testcase name="getByIdNotFound()" classname="cliente.Services.ClienteServiceImplTest" time="0.008"/>
  <testcase name="saveInvalidIbanNumber()" classname="cliente.Services.ClienteServiceImplTest" time="0.006"/>
  <testcase name="getAll()" classname="cliente.Services.ClienteServiceImplTest" time="0.006"/>
  <testcase name="saveInvalidSaldo()" classname="cliente.Services.ClienteServiceImplTest" time="0.006"/>
  <testcase name="updateInvalidTarjetaNumero()" classname="cliente.Services.ClienteServiceImplTest" time="0.006"/>
  <testcase name="update()" classname="cliente.Services.ClienteServiceImplTest" time="0.009"/>
  <testcase name="upadteInvalidCuentaSaldo()" classname="cliente.Services.ClienteServiceImplTest" time="0.006"/>
  <testcase name="deleteNotFound()" classname="cliente.Services.ClienteServiceImplTest" time="0.007"/>
  <testcase name="findByName()" classname="cliente.Services.ClienteServiceImplTest" time="0.005"/>
  <testcase name="updateInvalidTarjetaFecha()" classname="cliente.Services.ClienteServiceImplTest" time="0.006"/>
  <testcase name="saveInvalidTarjetaCreditoFecha()" classname="cliente.Services.ClienteServiceImplTest" time="0.006"/>
  <testcase name="save()" classname="cliente.Services.ClienteServiceImplTest" time="0.006"/>
  <testcase name="getByIdInCache()" classname="cliente.Services.ClienteServiceImplTest" time="0.005"/>
  <testcase name="saveInvalidName()" classname="cliente.Services.ClienteServiceImplTest" time="0.006"/>
  <testcase name="notFoundByName()" classname="cliente.Services.ClienteServiceImplTest" time="0.005"/>
  <testcase name="saveInvalidDni()" classname="cliente.Services.ClienteServiceImplTest" time="0.007"/>
  <testcase name="deleteOk()" classname="cliente.Services.ClienteServiceImplTest" time="0.004"/>
  <testcase name="saveInvalidTarjetaCreditoNumero()" classname="cliente.Services.ClienteServiceImplTest" time="0.005"/>
  <testcase name="updateInvalidDni()" classname="cliente.Services.ClienteServiceImplTest" time="0.005"/>
  <testcase name="updateInvalidNombrePorDebajoDelValorLimite()" classname="cliente.Services.ClienteServiceImplTest" time="0.006"/>
  <system-out><![CDATA[12:39:03.621 [Test worker] DEBUG org.example.cliente.Services.ClienteServiceImplKt -- Actualizando en el repositorio con id: 10815af8-4ec7-4bc4-8300-8b1be6fb442a y datos: Cliente(id=10815af8-4ec7-4bc4-8300-8b1be6fb442a, nombre=test1, Dni=70919049K, cuentaBancaria=CuentaBancaria(iban=ES912100041845020005133, saldo=10.0), tarjetaCredito=TarjetaCredito(numero=1234567890123456, fechaVencimiento=12/25), updated_at=2024-09-20T12:39:03.517775900, created_at=2024-09-20T12:39:03.517775900)
12:39:03.664 [Test worker] DEBUG org.example.cliente.Services.ClienteServiceImplKt -- Actualizando en el repositorio con id: 10815af8-4ec7-4bc4-8300-8b1be6fb442a y datos: Cliente(id=10815af8-4ec7-4bc4-8300-8b1be6fb442a, nombre=test3, Dni=70919049L, cuentaBancaria=CuentaBancaria(iban=ES91 2100 0418 4502 0005 1332, saldo=10.0), tarjetaCredito=TarjetaCredito(numero=1234567890123456, fechaVencimiento=12/25), updated_at=2024-09-20T12:39:03.654552100, created_at=2024-09-20T12:39:03.654552100)
12:39:03.666 [Test worker] ERROR org.example.cliente.Services.ClienteServiceImplKt -- Persona no actualizada con ID: 10815af8-4ec7-4bc4-8300-8b1be6fb442a
12:39:03.677 [Test worker] DEBUG org.example.cliente.Services.ClienteServiceImplKt -- Actualizando en el repositorio con id: 10815af8-4ec7-4bc4-8300-8b1be6fb442a y datos: Cliente(id=10815af8-4ec7-4bc4-8300-8b1be6fb442a, nombre=ter4eeeeeeeeeeeeeeeeeeeeeeeeeeeeeeeeeeeeeeeeeeeeeeeeeeeeeeeeeeeeeeeeeeeeeeeeeeeeeeeeeeeeeee, Dni=70919049K, cuentaBancaria=CuentaBancaria(iban=ES91 2100 0418 4502 0005 1332, saldo=10.0), tarjetaCredito=TarjetaCredito(numero=1234567890123456, fechaVencimiento=12/25), updated_at=2024-09-20T12:39:03.676710800, created_at=2024-09-20T12:39:03.676710800)
12:39:03.685 [Test worker] DEBUG org.example.cliente.Services.ClienteServiceImplKt -- Buscando cliente por ID: 10815af8-4ec7-4bc4-8300-8b1be6fb442a
12:39:03.685 [Test worker] INFO org.example.cliente.Services.ClienteServiceImplKt -- Cliente encontrado en repositorio: Cliente(id=10815af8-4ec7-4bc4-8300-8b1be6fb442a, nombre=test1, Dni=70919049K, cuentaBancaria=CuentaBancaria(iban=ES91 2100 0418 4502 0005 1332, saldo=10.0), tarjetaCredito=TarjetaCredito(numero=1234567890123456, fechaVencimiento=12/25), updated_at=2024-09-20T12:39:03.678711600, created_at=2024-09-20T12:39:03.678711600)
12:39:03.696 [Test worker] DEBUG org.example.cliente.Services.ClienteServiceImplKt -- Buscando cliente por ID: 10815af8-4ec7-4bc4-8300-8b1be6fb442b
12:39:03.696 [Test worker] INFO org.example.cliente.Services.ClienteServiceImplKt -- Cliente encontrado en repositorio: null
12:39:03.697 [Test worker] ERROR org.example.cliente.Services.ClienteServiceImplKt -- Cliente no encontrado con id 10815af8-4ec7-4bc4-8300-8b1be6fb442b
12:39:03.705 [Test worker] DEBUG org.example.cliente.Services.ClienteServiceImplKt -- Guardando en el repositorio persona Cliente(id=10815af8-4ec7-4bc4-8300-8b1be6fb442a, nombre=test1, Dni=70919049K, cuentaBancaria=CuentaBancaria(iban=ES91 2100 0418 4502 0005 1332, saldo=10.0), tarjetaCredito=TarjetaCredito(numero=1234567890123456, fechaVencimiento=12/25), updated_at=2024-09-20T12:39:03.699904900, created_at=2024-09-20T12:39:03.699904900)
12:39:03.711 [Test worker] DEBUG org.example.cliente.Services.ClienteServiceImplKt -- Obteniendo a todos los clientes
12:39:03.712 [Test worker] INFO org.example.cliente.Services.ClienteServiceImplKt -- Clientes obtenidos: [Cliente(id=10815af8-4ec7-4bc4-8300-8b1be6fb442a, nombre=test1, Dni=70919049K, cuentaBancaria=CuentaBancaria(iban=ES91 2100 0418 4502 0005 1332, saldo=10.0), tarjetaCredito=TarjetaCredito(numero=1234567890123456, fechaVencimiento=12/25), updated_at=2024-09-20T12:39:03.707906100, created_at=2024-09-20T12:39:03.707906100), Cliente(id=1009777d-3155-44ca-a565-c8ede2ed2396, nombre=test2, Dni=70919049K, cuentaBancaria=CuentaBancaria(iban=ES91 2100 0418 4502 0005 1332, saldo=10.0), tarjetaCredito=TarjetaCredito(numero=1234567890123456, fechaVencimiento=12/25), updated_at=2024-09-20T12:39:03.707906100, created_at=2024-09-20T12:39:03.707906100)]
12:39:03.720 [Test worker] DEBUG org.example.cliente.Services.ClienteServiceImplKt -- Guardando en el repositorio persona Cliente(id=10815af8-4ec7-4bc4-8300-8b1be6fb442a, nombre=test1, Dni=70919049K, cuentaBancaria=CuentaBancaria(iban=ES91 2100 0418 4502 0005 1332, saldo=10.0), tarjetaCredito=TarjetaCredito(numero=1234567890123456, fechaVencimiento=12/25), updated_at=2024-09-20T12:39:03.715907100, created_at=2024-09-20T12:39:03.715907100)
12:39:03.727 [Test worker] DEBUG org.example.cliente.Services.ClienteServiceImplKt -- Actualizando en el repositorio con id: 10815af8-4ec7-4bc4-8300-8b1be6fb442a y datos: Cliente(id=10815af8-4ec7-4bc4-8300-8b1be6fb442a, nombre=test3, Dni=70919049L, cuentaBancaria=CuentaBancaria(iban=ES91 2100 0418 4502 0005 1332, saldo=10.0), tarjetaCredito=TarjetaCredito(numero=4257 4600 0460 1638, fechaVencimiento=12/25), updated_at=2024-09-20T12:39:03.726911100, created_at=2024-09-20T12:39:03.726911100)
12:39:03.736 [Test worker] DEBUG org.example.cliente.Services.ClienteServiceImplKt -- Actualizando en el repositorio con id: 10815af8-4ec7-4bc4-8300-8b1be6fb442a y datos: Cliente(id=10815af8-4ec7-4bc4-8300-8b1be6fb442a, nombre=test3, Dni=70919049L, cuentaBancaria=CuentaBancaria(iban=ES91 2100 0418 4502 0005 1332, saldo=10.0), tarjetaCredito=TarjetaCredito(numero=1234567890123456, fechaVencimiento=12/25), updated_at=2024-09-20T12:39:03.735422100, created_at=2024-09-20T12:39:03.735422100)
12:39:03.737 [Test worker] INFO org.example.cliente.Services.ClienteServiceImplKt -- Persona actualizada en el repositorio: Cliente(id=10815af8-4ec7-4bc4-8300-8b1be6fb442a, nombre=test3, Dni=70919049L, cuentaBancaria=CuentaBancaria(iban=ES91 2100 0418 4502 0005 1332, saldo=10.0), tarjetaCredito=TarjetaCredito(numero=1234567890123456, fechaVencimiento=12/25), updated_at=2024-09-20T12:39:03.735422100, created_at=2024-09-20T12:39:03.735422100)
12:39:03.746 [Test worker] DEBUG org.example.cliente.Services.ClienteServiceImplKt -- Actualizando en el repositorio con id: 10815af8-4ec7-4bc4-8300-8b1be6fb442a y datos: Cliente(id=10815af8-4ec7-4bc4-8300-8b1be6fb442a, nombre=test1, Dni=70919049K, cuentaBancaria=CuentaBancaria(iban=ES912100041845020005133, saldo=-1.0), tarjetaCredito=TarjetaCredito(numero=1234567890123456, fechaVencimiento=12/25), updated_at=2024-09-20T12:39:03.745210400, created_at=2024-09-20T12:39:03.745210400)
12:39:03.753 [Test worker] DEBUG org.example.cliente.Services.ClienteServiceImplKt -- Eliminando en el repositorio con id: 10815af8-4ec7-4bc4-8300-8b1be6fb442b
12:39:03.753 [Test worker] ERROR org.example.cliente.Services.ClienteServiceImplKt -- Persona no encontrada con ID: 10815af8-4ec7-4bc4-8300-8b1be6fb442b
12:39:03.760 [Test worker] DEBUG org.example.cliente.Services.ClienteServiceImplKt -- Buscando clientes por nombre: test1
12:39:03.767 [Test worker] DEBUG org.example.cliente.Services.ClienteServiceImplKt -- Actualizando en el repositorio con id: 10815af8-4ec7-4bc4-8300-8b1be6fb442a y datos: Cliente(id=10815af8-4ec7-4bc4-8300-8b1be6fb442a, nombre=test3, Dni=70919049L, cuentaBancaria=CuentaBancaria(iban=ES91 2100 0418 4502 0005 1332, saldo=10.0), tarjetaCredito=TarjetaCredito(numero=4257 4600 0460 1637, fechaVencimiento=12/20), updated_at=2024-09-20T12:39:03.766070600, created_at=2024-09-20T12:39:03.766070600)
12:39:03.775 [Test worker] DEBUG org.example.cliente.Services.ClienteServiceImplKt -- Guardando en el repositorio persona Cliente(id=10815af8-4ec7-4bc4-8300-8b1be6fb442a, nombre=test1, Dni=70919049K, cuentaBancaria=CuentaBancaria(iban=ES91 2100 0418 4502 0005 1332, saldo=10.0), tarjetaCredito=TarjetaCredito(numero=1234567890123456, fechaVencimiento=12/25), updated_at=2024-09-20T12:39:03.769071400, created_at=2024-09-20T12:39:03.769071400)
12:39:03.781 [Test worker] DEBUG org.example.cliente.Services.ClienteServiceImplKt -- Guardando en el repositorio persona Cliente(id=10815af8-4ec7-4bc4-8300-8b1be6fb442a, nombre=test1, Dni=70919049K, cuentaBancaria=CuentaBancaria(iban=ES91 2100 0418 4502 0005 1332, saldo=10.0), tarjetaCredito=TarjetaCredito(numero=1234567890123456, fechaVencimiento=12/25), updated_at=2024-09-20T12:39:03.777072800, created_at=2024-09-20T12:39:03.777072800)
12:39:03.782 [Test worker] INFO org.example.cliente.Services.ClienteServiceImplKt -- Persona guardada en el repositorio: Cliente(id=10815af8-4ec7-4bc4-8300-8b1be6fb442a, nombre=test1, Dni=70919049K, cuentaBancaria=CuentaBancaria(iban=ES91 2100 0418 4502 0005 1332, saldo=10.0), tarjetaCredito=TarjetaCredito(numero=1234567890123456, fechaVencimiento=12/25), updated_at=2024-09-20T12:39:03.777072800, created_at=2024-09-20T12:39:03.777072800)
12:39:03.788 [Test worker] DEBUG org.example.cliente.Services.ClienteServiceImplKt -- Buscando cliente por ID: 10815af8-4ec7-4bc4-8300-8b1be6fb442a
12:39:03.788 [Test worker] INFO org.example.cliente.Services.ClienteServiceImplKt -- Cliente encontrado en caché: Cliente(id=10815af8-4ec7-4bc4-8300-8b1be6fb442a, nombre=test1, Dni=70919049K, cuentaBancaria=CuentaBancaria(iban=ES91 2100 0418 4502 0005 1332, saldo=10.0), tarjetaCredito=TarjetaCredito(numero=1234567890123456, fechaVencimiento=12/25), updated_at=2024-09-20T12:39:03.785075400, created_at=2024-09-20T12:39:03.785075400)
12:39:03.795 [Test worker] DEBUG org.example.cliente.Services.ClienteServiceImplKt -- Guardando en el repositorio persona Cliente(id=10815af8-4ec7-4bc4-8300-8b1be6fb442a, nombre=te, Dni=70919049K, cuentaBancaria=CuentaBancaria(iban=ES91 2100 0418 4502 0005 1332, saldo=10.0), tarjetaCredito=TarjetaCredito(numero=1234567890123456, fechaVencimiento=12/25), updated_at=2024-09-20T12:39:03.794077300, created_at=2024-09-20T12:39:03.794077300)
12:39:03.801 [Test worker] DEBUG org.example.cliente.Services.ClienteServiceImplKt -- Buscando clientes por nombre: test3
12:39:03.802 [Test worker] ERROR org.example.cliente.Services.ClienteServiceImplKt -- No se encontraron clientes con el nombre: test3
12:39:03.809 [Test worker] DEBUG org.example.cliente.Services.ClienteServiceImplKt -- Guardando en el repositorio persona Cliente(id=10815af8-4ec7-4bc4-8300-8b1be6fb442a, nombre=test1, Dni=70919049, cuentaBancaria=CuentaBancaria(iban=ES91 2100 0418 4502 0005 1332, saldo=10.0), tarjetaCredito=TarjetaCredito(numero=1234567890123456, fechaVencimiento=12/25), updated_at=2024-09-20T12:39:03.808050800, created_at=2024-09-20T12:39:03.808050800)
12:39:03.814 [Test worker] DEBUG org.example.cliente.Services.ClienteServiceImplKt -- Eliminando en el repositorio con id: 10815af8-4ec7-4bc4-8300-8b1be6fb442a
12:39:03.814 [Test worker] INFO org.example.cliente.Services.ClienteServiceImplKt -- Persona eliminada en el repositorio: Cliente(id=10815af8-4ec7-4bc4-8300-8b1be6fb442a, nombre=test1, Dni=70919049K, cuentaBancaria=CuentaBancaria(iban=ES91 2100 0418 4502 0005 1332, saldo=10.0), tarjetaCredito=TarjetaCredito(numero=1234567890123456, fechaVencimiento=12/25), updated_at=2024-09-20T12:39:03.811051800, created_at=2024-09-20T12:39:03.811051800)
12:39:03.820 [Test worker] DEBUG org.example.cliente.Services.ClienteServiceImplKt -- Guardando en el repositorio persona Cliente(id=10815af8-4ec7-4bc4-8300-8b1be6fb442a, nombre=test1, Dni=70919049K, cuentaBancaria=CuentaBancaria(iban=ES91 2100 0418 4502 0005 1332, saldo=10.0), tarjetaCredito=TarjetaCredito(numero=1234567890123456, fechaVencimiento=12/25), updated_at=2024-09-20T12:39:03.816053200, created_at=2024-09-20T12:39:03.816053200)
12:39:03.826 [Test worker] DEBUG org.example.cliente.Services.ClienteServiceImplKt -- Actualizando en el repositorio con id: 10815af8-4ec7-4bc4-8300-8b1be6fb442a y datos: Cliente(id=10815af8-4ec7-4bc4-8300-8b1be6fb442a, nombre=test3, Dni=70919049, cuentaBancaria=CuentaBancaria(iban=ES91 2100 0418 4502 0005 1332, saldo=10.0), tarjetaCredito=TarjetaCredito(numero=1234567890123456, fechaVencimiento=12/25), updated_at=2024-09-20T12:39:03.825055500, created_at=2024-09-20T12:39:03.825055500)
12:39:03.833 [Test worker] DEBUG org.example.cliente.Services.ClienteServiceImplKt -- Actualizando en el repositorio con id: 10815af8-4ec7-4bc4-8300-8b1be6fb442a y datos: Cliente(id=10815af8-4ec7-4bc4-8300-8b1be6fb442a, nombre=te, Dni=70919049K, cuentaBancaria=CuentaBancaria(iban=ES91 2100 0418 4502 0005 1332, saldo=10.0), tarjetaCredito=TarjetaCredito(numero=1234567890123456, fechaVencimiento=12/25), updated_at=2024-09-20T12:39:03.832056300, created_at=2024-09-20T12:39:03.832056300)
]]></system-out>
  <system-err><![CDATA[WARNING: A Java agent has been loaded dynamically (C:\Users\a2005\.gradle\caches\modules-2\files-2.1\net.bytebuddy\byte-buddy-agent\1.14.15\b4cc9d88d5de562bf75b3a54ab436ad01b3f72d\byte-buddy-agent-1.14.15.jar)
WARNING: If a serviceability tool is in use, please run with -XX:+EnableDynamicAgentLoading to hide this warning
WARNING: If a serviceability tool is not in use, please run with -Djdk.instrument.traceUsage for more information
WARNING: Dynamic loading of agents will be disallowed by default in a future release
SLF4J(I): Connected with provider of type [ch.qos.logback.classic.spi.LogbackServiceProvider]
]]></system-err>
</testsuite>
